2021-02-24 08:38:59.892 [main] INFO  com.lzxx.system.SystemApplication - Starting SystemApplication using Java 1.8.0_181 on DESKTOP-AUBNEG7 with PID 12224 (D:\space\java\sqfx-java\sqfx-system\target\classes started by 25012 in D:\space\java\sqfx-java)
2021-02-24 08:38:59.892 [main] INFO  com.lzxx.system.SystemApplication - The following profiles are active: dev
2021-02-24 08:39:00.769 [main] INFO  o.s.boot.web.embedded.tomcat.TomcatWebServer - Tomcat initialized with port(s): 4399 (http)
2021-02-24 08:39:00.785 [main] INFO  org.apache.coyote.http11.Http11NioProtocol - Initializing ProtocolHandler ["http-nio-4399"]
2021-02-24 08:39:00.785 [main] INFO  org.apache.catalina.core.StandardService - Starting service [Tomcat]
2021-02-24 08:39:00.785 [main] INFO  org.apache.catalina.core.StandardEngine - Starting Servlet engine: [Apache Tomcat/9.0.43]
2021-02-24 08:39:00.847 [main] INFO  o.a.c.core.ContainerBase.[Tomcat].[localhost].[/] - Initializing Spring embedded WebApplicationContext
2021-02-24 08:39:00.847 [main] INFO  o.s.b.w.s.c.ServletWebServerApplicationContext - Root WebApplicationContext: initialization completed in 908 ms
2021-02-24 08:39:00.879 [main] INFO  o.s.boot.web.servlet.RegistrationBean - Servlet statViewServlet was not registered (possibly already registered?)
2021-02-24 08:39:00.879 [main] INFO  o.s.boot.web.servlet.RegistrationBean - Filter webStatFilter was not registered (possibly already registered?)
2021-02-24 08:39:01.144 [main] INFO  s.d.s.w.PropertySourcedRequestMappingHandlerMapping - Mapped URL path [/v2/api-docs] onto method [springfox.documentation.swagger2.web.Swagger2Controller#getDocumentation(String, HttpServletRequest)]
2021-02-24 08:39:01.191 [main] INFO  o.s.scheduling.concurrent.ThreadPoolTaskExecutor - Initializing ExecutorService 'applicationTaskExecutor'
2021-02-24 08:39:01.566 [main] INFO  o.s.scheduling.concurrent.ThreadPoolTaskScheduler - Initializing ExecutorService 'taskScheduler'
2021-02-24 08:39:01.597 [main] INFO  org.apache.coyote.http11.Http11NioProtocol - Starting ProtocolHandler ["http-nio-4399"]
2021-02-24 08:39:01.597 [main] INFO  o.s.boot.web.embedded.tomcat.TomcatWebServer - Tomcat started on port(s): 4399 (http) with context path ''
2021-02-24 08:39:01.613 [main] INFO  s.d.s.web.plugins.DocumentationPluginsBootstrapper - Context refreshed
2021-02-24 08:39:01.613 [main] INFO  s.d.s.web.plugins.DocumentationPluginsBootstrapper - Found 1 custom documentation plugin(s)
2021-02-24 08:39:01.644 [main] INFO  s.d.spring.web.scanners.ApiListingReferenceScanner - Scanning for api listing references
2021-02-24 08:39:01.769 [main] INFO  com.lzxx.system.SystemApplication - Started SystemApplication in 2.3 seconds (JVM running for 2.8)
2021-02-24 08:47:55.745 [main] INFO  com.lzxx.system.SystemApplication - Starting SystemApplication using Java 1.8.0_181 on DESKTOP-AUBNEG7 with PID 540 (D:\space\java\sqfx-java\sqfx-system\target\classes started by 25012 in D:\space\java\sqfx-java)
2021-02-24 08:47:55.745 [main] INFO  com.lzxx.system.SystemApplication - The following profiles are active: dev
2021-02-24 08:47:56.510 [main] INFO  o.s.boot.web.embedded.tomcat.TomcatWebServer - Tomcat initialized with port(s): 4399 (http)
2021-02-24 08:47:56.510 [main] INFO  org.apache.coyote.http11.Http11NioProtocol - Initializing ProtocolHandler ["http-nio-4399"]
2021-02-24 08:47:56.510 [main] INFO  org.apache.catalina.core.StandardService - Starting service [Tomcat]
2021-02-24 08:47:56.510 [main] INFO  org.apache.catalina.core.StandardEngine - Starting Servlet engine: [Apache Tomcat/9.0.43]
2021-02-24 08:47:56.573 [main] INFO  o.a.c.core.ContainerBase.[Tomcat].[localhost].[/] - Initializing Spring embedded WebApplicationContext
2021-02-24 08:47:56.573 [main] INFO  o.s.b.w.s.c.ServletWebServerApplicationContext - Root WebApplicationContext: initialization completed in 797 ms
2021-02-24 08:47:56.604 [main] INFO  o.s.boot.web.servlet.RegistrationBean - Servlet statViewServlet was not registered (possibly already registered?)
2021-02-24 08:47:56.604 [main] INFO  o.s.boot.web.servlet.RegistrationBean - Filter webStatFilter was not registered (possibly already registered?)
2021-02-24 08:47:56.854 [main] INFO  s.d.s.w.PropertySourcedRequestMappingHandlerMapping - Mapped URL path [/v2/api-docs] onto method [springfox.documentation.swagger2.web.Swagger2Controller#getDocumentation(String, HttpServletRequest)]
2021-02-24 08:47:56.901 [main] INFO  o.s.scheduling.concurrent.ThreadPoolTaskExecutor - Initializing ExecutorService 'applicationTaskExecutor'
2021-02-24 08:47:57.260 [main] INFO  o.s.scheduling.concurrent.ThreadPoolTaskScheduler - Initializing ExecutorService 'taskScheduler'
2021-02-24 08:47:57.276 [main] INFO  org.apache.coyote.http11.Http11NioProtocol - Starting ProtocolHandler ["http-nio-4399"]
2021-02-24 08:47:57.291 [main] INFO  o.s.boot.web.embedded.tomcat.TomcatWebServer - Tomcat started on port(s): 4399 (http) with context path ''
2021-02-24 08:47:57.291 [main] INFO  s.d.s.web.plugins.DocumentationPluginsBootstrapper - Context refreshed
2021-02-24 08:47:57.291 [main] INFO  s.d.s.web.plugins.DocumentationPluginsBootstrapper - Found 1 custom documentation plugin(s)
2021-02-24 08:47:57.307 [main] INFO  s.d.spring.web.scanners.ApiListingReferenceScanner - Scanning for api listing references
2021-02-24 08:47:57.432 [main] INFO  com.lzxx.system.SystemApplication - Started SystemApplication in 2.037 seconds (JVM running for 2.487)
2021-02-24 08:58:55.694 [main] INFO  com.lzxx.system.SystemApplication - Starting SystemApplication using Java 1.8.0_181 on DESKTOP-AUBNEG7 with PID 5064 (D:\space\java\sqfx-java\sqfx-system\target\classes started by 25012 in D:\space\java\sqfx-java)
2021-02-24 08:58:55.694 [main] INFO  com.lzxx.system.SystemApplication - The following profiles are active: dev
2021-02-24 08:58:56.475 [main] INFO  o.s.boot.web.embedded.tomcat.TomcatWebServer - Tomcat initialized with port(s): 4399 (http)
2021-02-24 08:58:56.475 [main] INFO  org.apache.coyote.http11.Http11NioProtocol - Initializing ProtocolHandler ["http-nio-4399"]
2021-02-24 08:58:56.475 [main] INFO  org.apache.catalina.core.StandardService - Starting service [Tomcat]
2021-02-24 08:58:56.475 [main] INFO  org.apache.catalina.core.StandardEngine - Starting Servlet engine: [Apache Tomcat/9.0.43]
2021-02-24 08:58:56.522 [main] INFO  o.a.c.core.ContainerBase.[Tomcat].[localhost].[/] - Initializing Spring embedded WebApplicationContext
2021-02-24 08:58:56.522 [main] INFO  o.s.b.w.s.c.ServletWebServerApplicationContext - Root WebApplicationContext: initialization completed in 797 ms
2021-02-24 08:58:56.553 [main] INFO  o.s.boot.web.servlet.RegistrationBean - Servlet statViewServlet was not registered (possibly already registered?)
2021-02-24 08:58:56.553 [main] INFO  o.s.boot.web.servlet.RegistrationBean - Filter webStatFilter was not registered (possibly already registered?)
2021-02-24 08:58:57.381 [main] INFO  s.d.s.w.PropertySourcedRequestMappingHandlerMapping - Mapped URL path [/v2/api-docs] onto method [springfox.documentation.swagger2.web.Swagger2Controller#getDocumentation(String, HttpServletRequest)]
2021-02-24 08:58:57.428 [main] INFO  o.s.scheduling.concurrent.ThreadPoolTaskExecutor - Initializing ExecutorService 'applicationTaskExecutor'
2021-02-24 08:58:57.522 [main] INFO  o.s.scheduling.concurrent.ThreadPoolTaskScheduler - Initializing ExecutorService 'taskScheduler'
2021-02-24 08:58:57.553 [main] INFO  org.apache.coyote.http11.Http11NioProtocol - Starting ProtocolHandler ["http-nio-4399"]
2021-02-24 08:58:57.553 [main] INFO  o.s.boot.web.embedded.tomcat.TomcatWebServer - Tomcat started on port(s): 4399 (http) with context path ''
2021-02-24 08:58:57.553 [main] INFO  s.d.s.web.plugins.DocumentationPluginsBootstrapper - Context refreshed
2021-02-24 08:58:57.569 [main] INFO  s.d.s.web.plugins.DocumentationPluginsBootstrapper - Found 1 custom documentation plugin(s)
2021-02-24 08:58:57.584 [main] INFO  s.d.spring.web.scanners.ApiListingReferenceScanner - Scanning for api listing references
2021-02-24 08:58:57.694 [main] INFO  com.lzxx.system.SystemApplication - Started SystemApplication in 2.376 seconds (JVM running for 2.898)
2021-02-24 09:05:39.096 [http-nio-4399-exec-1] INFO  o.a.c.core.ContainerBase.[Tomcat].[localhost].[/] - Initializing Spring DispatcherServlet 'dispatcherServlet'
2021-02-24 09:05:39.096 [http-nio-4399-exec-1] INFO  org.springframework.web.servlet.DispatcherServlet - Initializing Servlet 'dispatcherServlet'
2021-02-24 09:05:39.097 [http-nio-4399-exec-1] INFO  org.springframework.web.servlet.DispatcherServlet - Completed initialization in 1 ms
2021-02-24 09:37:11.221 [main] INFO  com.lzxx.system.SystemApplication - Starting SystemApplication using Java 1.8.0_181 on DESKTOP-AUBNEG7 with PID 6020 (D:\space\java\sqfx-java\sqfx-system\target\classes started by 25012 in D:\space\java\sqfx-java)
2021-02-24 09:37:11.221 [main] INFO  com.lzxx.system.SystemApplication - The following profiles are active: dev
2021-02-24 09:37:11.955 [main] INFO  o.s.boot.web.embedded.tomcat.TomcatWebServer - Tomcat initialized with port(s): 4399 (http)
2021-02-24 09:37:11.970 [main] INFO  org.apache.coyote.http11.Http11NioProtocol - Initializing ProtocolHandler ["http-nio-4399"]
2021-02-24 09:37:11.970 [main] INFO  org.apache.catalina.core.StandardService - Starting service [Tomcat]
2021-02-24 09:37:11.970 [main] INFO  org.apache.catalina.core.StandardEngine - Starting Servlet engine: [Apache Tomcat/9.0.43]
2021-02-24 09:37:12.017 [main] INFO  o.a.c.core.ContainerBase.[Tomcat].[localhost].[/] - Initializing Spring embedded WebApplicationContext
2021-02-24 09:37:12.017 [main] INFO  o.s.b.w.s.c.ServletWebServerApplicationContext - Root WebApplicationContext: initialization completed in 765 ms
2021-02-24 09:37:12.064 [main] INFO  o.s.boot.web.servlet.RegistrationBean - Servlet statViewServlet was not registered (possibly already registered?)
2021-02-24 09:37:12.064 [main] INFO  o.s.boot.web.servlet.RegistrationBean - Filter webStatFilter was not registered (possibly already registered?)
2021-02-24 09:37:12.314 [main] INFO  s.d.s.w.PropertySourcedRequestMappingHandlerMapping - Mapped URL path [/v2/api-docs] onto method [springfox.documentation.swagger2.web.Swagger2Controller#getDocumentation(String, HttpServletRequest)]
2021-02-24 09:37:12.361 [main] INFO  o.s.scheduling.concurrent.ThreadPoolTaskExecutor - Initializing ExecutorService 'applicationTaskExecutor'
2021-02-24 09:37:12.705 [main] INFO  o.s.scheduling.concurrent.ThreadPoolTaskScheduler - Initializing ExecutorService 'taskScheduler'
2021-02-24 09:37:12.736 [main] INFO  org.apache.coyote.http11.Http11NioProtocol - Starting ProtocolHandler ["http-nio-4399"]
2021-02-24 09:37:12.736 [main] INFO  o.s.boot.web.embedded.tomcat.TomcatWebServer - Tomcat started on port(s): 4399 (http) with context path ''
2021-02-24 09:37:12.736 [main] INFO  s.d.s.web.plugins.DocumentationPluginsBootstrapper - Context refreshed
2021-02-24 09:37:12.752 [main] INFO  s.d.s.web.plugins.DocumentationPluginsBootstrapper - Found 1 custom documentation plugin(s)
2021-02-24 09:37:12.767 [main] INFO  s.d.spring.web.scanners.ApiListingReferenceScanner - Scanning for api listing references
2021-02-24 09:37:12.892 [main] INFO  com.lzxx.system.SystemApplication - Started SystemApplication in 2.066 seconds (JVM running for 2.626)
2021-02-24 09:39:43.201 [main] INFO  com.lzxx.system.SystemApplication - Starting SystemApplication using Java 1.8.0_181 on DESKTOP-AUBNEG7 with PID 6596 (D:\space\java\sqfx-java\sqfx-system\target\classes started by 25012 in D:\space\java\sqfx-java)
2021-02-24 09:39:43.201 [main] INFO  com.lzxx.system.SystemApplication - The following profiles are active: dev
2021-02-24 09:39:43.967 [main] INFO  o.s.boot.web.embedded.tomcat.TomcatWebServer - Tomcat initialized with port(s): 4399 (http)
2021-02-24 09:39:43.967 [main] INFO  org.apache.coyote.http11.Http11NioProtocol - Initializing ProtocolHandler ["http-nio-4399"]
2021-02-24 09:39:43.967 [main] INFO  org.apache.catalina.core.StandardService - Starting service [Tomcat]
2021-02-24 09:39:43.967 [main] INFO  org.apache.catalina.core.StandardEngine - Starting Servlet engine: [Apache Tomcat/9.0.43]
2021-02-24 09:39:44.014 [main] INFO  o.a.c.core.ContainerBase.[Tomcat].[localhost].[/] - Initializing Spring embedded WebApplicationContext
2021-02-24 09:39:44.014 [main] INFO  o.s.b.w.s.c.ServletWebServerApplicationContext - Root WebApplicationContext: initialization completed in 766 ms
2021-02-24 09:39:44.045 [main] INFO  o.s.boot.web.servlet.RegistrationBean - Servlet statViewServlet was not registered (possibly already registered?)
2021-02-24 09:39:44.045 [main] INFO  o.s.boot.web.servlet.RegistrationBean - Filter webStatFilter was not registered (possibly already registered?)
2021-02-24 09:39:44.279 [main] INFO  s.d.s.w.PropertySourcedRequestMappingHandlerMapping - Mapped URL path [/v2/api-docs] onto method [springfox.documentation.swagger2.web.Swagger2Controller#getDocumentation(String, HttpServletRequest)]
2021-02-24 09:39:44.342 [main] INFO  o.s.scheduling.concurrent.ThreadPoolTaskExecutor - Initializing ExecutorService 'applicationTaskExecutor'
2021-02-24 09:39:44.685 [main] INFO  o.s.scheduling.concurrent.ThreadPoolTaskScheduler - Initializing ExecutorService 'taskScheduler'
2021-02-24 09:39:44.701 [main] INFO  org.apache.coyote.http11.Http11NioProtocol - Starting ProtocolHandler ["http-nio-4399"]
2021-02-24 09:39:44.716 [main] INFO  o.s.boot.web.embedded.tomcat.TomcatWebServer - Tomcat started on port(s): 4399 (http) with context path ''
2021-02-24 09:39:44.716 [main] INFO  s.d.s.web.plugins.DocumentationPluginsBootstrapper - Context refreshed
2021-02-24 09:39:44.732 [main] INFO  s.d.s.web.plugins.DocumentationPluginsBootstrapper - Found 1 custom documentation plugin(s)
2021-02-24 09:39:44.748 [main] INFO  s.d.spring.web.scanners.ApiListingReferenceScanner - Scanning for api listing references
2021-02-24 09:39:44.857 [main] INFO  com.lzxx.system.SystemApplication - Started SystemApplication in 2.003 seconds (JVM running for 2.503)
2021-02-24 09:42:47.646 [http-nio-4399-exec-1] INFO  o.a.c.core.ContainerBase.[Tomcat].[localhost].[/] - Initializing Spring DispatcherServlet 'dispatcherServlet'
2021-02-24 09:42:47.646 [http-nio-4399-exec-1] INFO  org.springframework.web.servlet.DispatcherServlet - Initializing Servlet 'dispatcherServlet'
2021-02-24 09:42:47.648 [http-nio-4399-exec-1] INFO  org.springframework.web.servlet.DispatcherServlet - Completed initialization in 2 ms
2021-02-24 15:53:15.702 [main] INFO  com.lzxx.system.SystemApplication - Starting SystemApplication using Java 1.8.0_181 on DESKTOP-AUBNEG7 with PID 13192 (D:\space\java\sqfx-java\sqfx-system\target\classes started by 25012 in D:\space\java\sqfx-java)
2021-02-24 15:53:15.703 [main] INFO  com.lzxx.system.SystemApplication - The following profiles are active: dev
2021-02-24 15:53:16.626 [main] INFO  o.s.boot.web.embedded.tomcat.TomcatWebServer - Tomcat initialized with port(s): 4399 (http)
2021-02-24 15:53:16.632 [main] INFO  org.apache.coyote.http11.Http11NioProtocol - Initializing ProtocolHandler ["http-nio-4399"]
2021-02-24 15:53:16.633 [main] INFO  org.apache.catalina.core.StandardService - Starting service [Tomcat]
2021-02-24 15:53:16.633 [main] INFO  org.apache.catalina.core.StandardEngine - Starting Servlet engine: [Apache Tomcat/9.0.43]
2021-02-24 15:53:16.700 [main] INFO  o.a.c.core.ContainerBase.[Tomcat].[localhost].[/] - Initializing Spring embedded WebApplicationContext
2021-02-24 15:53:16.700 [main] INFO  o.s.b.w.s.c.ServletWebServerApplicationContext - Root WebApplicationContext: initialization completed in 965 ms
2021-02-24 15:53:16.737 [main] INFO  o.s.boot.web.servlet.RegistrationBean - Servlet statViewServlet was not registered (possibly already registered?)
2021-02-24 15:53:16.740 [main] INFO  o.s.boot.web.servlet.RegistrationBean - Filter webStatFilter was not registered (possibly already registered?)
2021-02-24 15:53:17.639 [main] INFO  s.d.s.w.PropertySourcedRequestMappingHandlerMapping - Mapped URL path [/v2/api-docs] onto method [springfox.documentation.swagger2.web.Swagger2Controller#getDocumentation(String, HttpServletRequest)]
2021-02-24 15:53:17.699 [main] INFO  o.s.scheduling.concurrent.ThreadPoolTaskExecutor - Initializing ExecutorService 'applicationTaskExecutor'
2021-02-24 15:53:17.817 [main] INFO  o.s.scheduling.concurrent.ThreadPoolTaskScheduler - Initializing ExecutorService 'taskScheduler'
2021-02-24 15:53:17.845 [main] INFO  org.apache.coyote.http11.Http11NioProtocol - Starting ProtocolHandler ["http-nio-4399"]
2021-02-24 15:53:17.853 [main] INFO  o.s.scheduling.concurrent.ThreadPoolTaskScheduler - Shutting down ExecutorService 'taskScheduler'
2021-02-24 15:53:17.853 [main] INFO  o.s.scheduling.concurrent.ThreadPoolTaskExecutor - Shutting down ExecutorService 'applicationTaskExecutor'
2021-02-24 15:53:17.856 [main] INFO  org.apache.coyote.http11.Http11NioProtocol - Pausing ProtocolHandler ["http-nio-4399"]
2021-02-24 15:53:17.856 [main] INFO  org.apache.catalina.core.StandardService - Stopping service [Tomcat]
2021-02-24 15:53:17.871 [main] INFO  org.apache.coyote.http11.Http11NioProtocol - Stopping ProtocolHandler ["http-nio-4399"]
2021-02-24 15:53:17.872 [main] INFO  org.apache.coyote.http11.Http11NioProtocol - Destroying ProtocolHandler ["http-nio-4399"]
2021-02-24 15:53:17.876 [main] INFO  o.s.b.a.l.ConditionEvaluationReportLoggingListener - 

Error starting ApplicationContext. To display the conditions report re-run your application with 'debug' enabled.
2021-02-24 15:53:43.030 [main] INFO  com.lzxx.system.SystemApplication - Starting SystemApplication using Java 1.8.0_181 on DESKTOP-AUBNEG7 with PID 7852 (D:\space\java\sqfx-java\sqfx-system\target\classes started by 25012 in D:\space\java\sqfx-java)
2021-02-24 15:53:43.032 [main] INFO  com.lzxx.system.SystemApplication - The following profiles are active: dev
2021-02-24 15:53:43.961 [main] INFO  o.s.boot.web.embedded.tomcat.TomcatWebServer - Tomcat initialized with port(s): 4399 (http)
2021-02-24 15:53:43.968 [main] INFO  org.apache.coyote.http11.Http11NioProtocol - Initializing ProtocolHandler ["http-nio-4399"]
2021-02-24 15:53:43.969 [main] INFO  org.apache.catalina.core.StandardService - Starting service [Tomcat]
2021-02-24 15:53:43.969 [main] INFO  org.apache.catalina.core.StandardEngine - Starting Servlet engine: [Apache Tomcat/9.0.43]
2021-02-24 15:53:44.031 [main] INFO  o.a.c.core.ContainerBase.[Tomcat].[localhost].[/] - Initializing Spring embedded WebApplicationContext
2021-02-24 15:53:44.031 [main] INFO  o.s.b.w.s.c.ServletWebServerApplicationContext - Root WebApplicationContext: initialization completed in 965 ms
2021-02-24 15:53:44.071 [main] INFO  o.s.boot.web.servlet.RegistrationBean - Servlet statViewServlet was not registered (possibly already registered?)
2021-02-24 15:53:44.073 [main] INFO  o.s.boot.web.servlet.RegistrationBean - Filter webStatFilter was not registered (possibly already registered?)
2021-02-24 15:53:44.979 [main] INFO  s.d.s.w.PropertySourcedRequestMappingHandlerMapping - Mapped URL path [/v2/api-docs] onto method [springfox.documentation.swagger2.web.Swagger2Controller#getDocumentation(String, HttpServletRequest)]
2021-02-24 15:53:45.046 [main] INFO  o.s.scheduling.concurrent.ThreadPoolTaskExecutor - Initializing ExecutorService 'applicationTaskExecutor'
2021-02-24 15:53:45.178 [main] INFO  o.s.scheduling.concurrent.ThreadPoolTaskScheduler - Initializing ExecutorService 'taskScheduler'
2021-02-24 15:53:45.217 [main] INFO  org.apache.coyote.http11.Http11NioProtocol - Starting ProtocolHandler ["http-nio-4399"]
2021-02-24 15:53:45.224 [main] INFO  o.s.scheduling.concurrent.ThreadPoolTaskScheduler - Shutting down ExecutorService 'taskScheduler'
2021-02-24 15:53:45.225 [main] INFO  o.s.scheduling.concurrent.ThreadPoolTaskExecutor - Shutting down ExecutorService 'applicationTaskExecutor'
2021-02-24 15:53:45.229 [main] INFO  org.apache.coyote.http11.Http11NioProtocol - Pausing ProtocolHandler ["http-nio-4399"]
2021-02-24 15:53:45.229 [main] INFO  org.apache.catalina.core.StandardService - Stopping service [Tomcat]
2021-02-24 15:53:45.237 [main] INFO  org.apache.coyote.http11.Http11NioProtocol - Stopping ProtocolHandler ["http-nio-4399"]
2021-02-24 15:53:45.238 [main] INFO  org.apache.coyote.http11.Http11NioProtocol - Destroying ProtocolHandler ["http-nio-4399"]
2021-02-24 15:53:45.245 [main] INFO  o.s.b.a.l.ConditionEvaluationReportLoggingListener - 

Error starting ApplicationContext. To display the conditions report re-run your application with 'debug' enabled.
2021-02-24 15:54:20.876 [main] INFO  com.lzxx.system.SystemApplication - Starting SystemApplication using Java 1.8.0_181 on DESKTOP-AUBNEG7 with PID 6956 (D:\space\java\sqfx-java\sqfx-system\target\classes started by 25012 in D:\space\java\sqfx-java)
2021-02-24 15:54:20.878 [main] INFO  com.lzxx.system.SystemApplication - The following profiles are active: dev
2021-02-24 15:54:21.692 [main] INFO  o.s.boot.web.embedded.tomcat.TomcatWebServer - Tomcat initialized with port(s): 5000 (http)
2021-02-24 15:54:21.697 [main] INFO  org.apache.coyote.http11.Http11NioProtocol - Initializing ProtocolHandler ["http-nio-5000"]
2021-02-24 15:54:21.697 [main] INFO  org.apache.catalina.core.StandardService - Starting service [Tomcat]
2021-02-24 15:54:21.697 [main] INFO  org.apache.catalina.core.StandardEngine - Starting Servlet engine: [Apache Tomcat/9.0.43]
2021-02-24 15:54:21.750 [main] INFO  o.a.c.core.ContainerBase.[Tomcat].[localhost].[/] - Initializing Spring embedded WebApplicationContext
2021-02-24 15:54:21.750 [main] INFO  o.s.b.w.s.c.ServletWebServerApplicationContext - Root WebApplicationContext: initialization completed in 836 ms
2021-02-24 15:54:21.783 [main] INFO  o.s.boot.web.servlet.RegistrationBean - Servlet statViewServlet was not registered (possibly already registered?)
2021-02-24 15:54:21.785 [main] INFO  o.s.boot.web.servlet.RegistrationBean - Filter webStatFilter was not registered (possibly already registered?)
2021-02-24 15:54:22.517 [main] INFO  s.d.s.w.PropertySourcedRequestMappingHandlerMapping - Mapped URL path [/v2/api-docs] onto method [springfox.documentation.swagger2.web.Swagger2Controller#getDocumentation(String, HttpServletRequest)]
2021-02-24 15:54:22.568 [main] INFO  o.s.scheduling.concurrent.ThreadPoolTaskExecutor - Initializing ExecutorService 'applicationTaskExecutor'
2021-02-24 15:54:22.671 [main] INFO  o.s.scheduling.concurrent.ThreadPoolTaskScheduler - Initializing ExecutorService 'taskScheduler'
2021-02-24 15:54:22.698 [main] INFO  org.apache.coyote.http11.Http11NioProtocol - Starting ProtocolHandler ["http-nio-5000"]
2021-02-24 15:54:22.715 [main] INFO  o.s.boot.web.embedded.tomcat.TomcatWebServer - Tomcat started on port(s): 5000 (http) with context path ''
2021-02-24 15:54:22.715 [main] INFO  s.d.s.web.plugins.DocumentationPluginsBootstrapper - Context refreshed
2021-02-24 15:54:22.727 [main] INFO  s.d.s.web.plugins.DocumentationPluginsBootstrapper - Found 1 custom documentation plugin(s)
2021-02-24 15:54:22.747 [main] INFO  s.d.spring.web.scanners.ApiListingReferenceScanner - Scanning for api listing references
2021-02-24 15:54:22.875 [main] INFO  com.lzxx.system.SystemApplication - Started SystemApplication in 2.358 seconds (JVM running for 2.838)
2021-02-24 16:11:20.370 [main] INFO  com.lzxx.system.SystemApplication - Starting SystemApplication using Java 1.8.0_181 on DESKTOP-AUBNEG7 with PID 6812 (D:\space\java\sqfx-java\sqfx-system\target\classes started by 25012 in D:\space\java\sqfx-java)
2021-02-24 16:11:20.372 [main] INFO  com.lzxx.system.SystemApplication - The following profiles are active: dev
2021-02-24 16:11:21.163 [main] INFO  o.s.boot.web.embedded.tomcat.TomcatWebServer - Tomcat initialized with port(s): 5000 (http)
2021-02-24 16:11:21.168 [main] INFO  org.apache.coyote.http11.Http11NioProtocol - Initializing ProtocolHandler ["http-nio-5000"]
2021-02-24 16:11:21.169 [main] INFO  org.apache.catalina.core.StandardService - Starting service [Tomcat]
2021-02-24 16:11:21.169 [main] INFO  org.apache.catalina.core.StandardEngine - Starting Servlet engine: [Apache Tomcat/9.0.43]
2021-02-24 16:11:21.226 [main] INFO  o.a.c.core.ContainerBase.[Tomcat].[localhost].[/] - Initializing Spring embedded WebApplicationContext
2021-02-24 16:11:21.227 [main] INFO  o.s.b.w.s.c.ServletWebServerApplicationContext - Root WebApplicationContext: initialization completed in 822 ms
2021-02-24 16:11:21.257 [main] INFO  o.s.boot.web.servlet.RegistrationBean - Servlet statViewServlet was not registered (possibly already registered?)
2021-02-24 16:11:21.259 [main] INFO  o.s.boot.web.servlet.RegistrationBean - Filter webStatFilter was not registered (possibly already registered?)
2021-02-24 16:11:22.011 [main] INFO  s.d.s.w.PropertySourcedRequestMappingHandlerMapping - Mapped URL path [/v2/api-docs] onto method [springfox.documentation.swagger2.web.Swagger2Controller#getDocumentation(String, HttpServletRequest)]
2021-02-24 16:11:22.066 [main] INFO  o.s.scheduling.concurrent.ThreadPoolTaskExecutor - Initializing ExecutorService 'applicationTaskExecutor'
2021-02-24 16:11:22.165 [main] INFO  o.s.scheduling.concurrent.ThreadPoolTaskScheduler - Initializing ExecutorService 'taskScheduler'
2021-02-24 16:11:22.191 [main] INFO  org.apache.coyote.http11.Http11NioProtocol - Starting ProtocolHandler ["http-nio-5000"]
2021-02-24 16:11:22.201 [main] INFO  o.s.boot.web.embedded.tomcat.TomcatWebServer - Tomcat started on port(s): 5000 (http) with context path ''
2021-02-24 16:11:22.202 [main] INFO  s.d.s.web.plugins.DocumentationPluginsBootstrapper - Context refreshed
2021-02-24 16:11:22.211 [main] INFO  s.d.s.web.plugins.DocumentationPluginsBootstrapper - Found 1 custom documentation plugin(s)
2021-02-24 16:11:22.227 [main] INFO  s.d.spring.web.scanners.ApiListingReferenceScanner - Scanning for api listing references
2021-02-24 16:11:22.355 [main] INFO  com.lzxx.system.SystemApplication - Started SystemApplication in 2.339 seconds (JVM running for 2.811)
2021-02-24 16:12:00.207 [main] INFO  com.lzxx.system.SystemApplication - Starting SystemApplication using Java 1.8.0_181 on DESKTOP-AUBNEG7 with PID 16912 (D:\space\java\sqfx-java\sqfx-system\target\classes started by 25012 in D:\space\java\sqfx-java)
2021-02-24 16:12:00.209 [main] INFO  com.lzxx.system.SystemApplication - The following profiles are active: dev
2021-02-24 16:12:01.103 [main] INFO  o.s.boot.web.embedded.tomcat.TomcatWebServer - Tomcat initialized with port(s): 5000 (http)
2021-02-24 16:12:01.110 [main] INFO  org.apache.coyote.http11.Http11NioProtocol - Initializing ProtocolHandler ["http-nio-5000"]
2021-02-24 16:12:01.111 [main] INFO  org.apache.catalina.core.StandardService - Starting service [Tomcat]
2021-02-24 16:12:01.111 [main] INFO  org.apache.catalina.core.StandardEngine - Starting Servlet engine: [Apache Tomcat/9.0.43]
2021-02-24 16:12:01.173 [main] INFO  o.a.c.core.ContainerBase.[Tomcat].[localhost].[/] - Initializing Spring embedded WebApplicationContext
2021-02-24 16:12:01.173 [main] INFO  o.s.b.w.s.c.ServletWebServerApplicationContext - Root WebApplicationContext: initialization completed in 924 ms
2021-02-24 16:12:01.209 [main] INFO  o.s.boot.web.servlet.RegistrationBean - Servlet statViewServlet was not registered (possibly already registered?)
2021-02-24 16:12:01.211 [main] INFO  o.s.boot.web.servlet.RegistrationBean - Filter webStatFilter was not registered (possibly already registered?)
2021-02-24 16:12:02.053 [main] INFO  s.d.s.w.PropertySourcedRequestMappingHandlerMapping - Mapped URL path [/v2/api-docs] onto method [springfox.documentation.swagger2.web.Swagger2Controller#getDocumentation(String, HttpServletRequest)]
2021-02-24 16:12:02.114 [main] INFO  o.s.scheduling.concurrent.ThreadPoolTaskExecutor - Initializing ExecutorService 'applicationTaskExecutor'
2021-02-24 16:12:02.231 [main] INFO  o.s.scheduling.concurrent.ThreadPoolTaskScheduler - Initializing ExecutorService 'taskScheduler'
2021-02-24 16:12:02.259 [main] INFO  org.apache.coyote.http11.Http11NioProtocol - Starting ProtocolHandler ["http-nio-5000"]
2021-02-24 16:12:02.273 [main] INFO  o.s.boot.web.embedded.tomcat.TomcatWebServer - Tomcat started on port(s): 5000 (http) with context path ''
2021-02-24 16:12:02.274 [main] INFO  s.d.s.web.plugins.DocumentationPluginsBootstrapper - Context refreshed
2021-02-24 16:12:02.285 [main] INFO  s.d.s.web.plugins.DocumentationPluginsBootstrapper - Found 1 custom documentation plugin(s)
2021-02-24 16:12:02.305 [main] INFO  s.d.spring.web.scanners.ApiListingReferenceScanner - Scanning for api listing references
2021-02-24 16:12:02.439 [main] INFO  com.lzxx.system.SystemApplication - Started SystemApplication in 2.594 seconds (JVM running for 3.493)
2021-02-24 16:21:06.474 [SpringContextShutdownHook] INFO  o.s.scheduling.concurrent.ThreadPoolTaskScheduler - Shutting down ExecutorService 'taskScheduler'
2021-02-24 16:21:06.474 [SpringContextShutdownHook] INFO  o.s.scheduling.concurrent.ThreadPoolTaskExecutor - Shutting down ExecutorService 'applicationTaskExecutor'
2021-02-24 16:21:08.905 [main] INFO  com.lzxx.system.SystemApplication - Starting SystemApplication using Java 1.8.0_181 on DESKTOP-AUBNEG7 with PID 16296 (D:\space\java\sqfx-java\sqfx-system\target\classes started by 25012 in D:\space\java\sqfx-java)
2021-02-24 16:21:08.907 [main] INFO  com.lzxx.system.SystemApplication - The following profiles are active: dev
2021-02-24 16:21:09.714 [main] INFO  o.s.boot.web.embedded.tomcat.TomcatWebServer - Tomcat initialized with port(s): 5000 (http)
2021-02-24 16:21:09.720 [main] INFO  org.apache.coyote.http11.Http11NioProtocol - Initializing ProtocolHandler ["http-nio-5000"]
2021-02-24 16:21:09.720 [main] INFO  org.apache.catalina.core.StandardService - Starting service [Tomcat]
2021-02-24 16:21:09.720 [main] INFO  org.apache.catalina.core.StandardEngine - Starting Servlet engine: [Apache Tomcat/9.0.43]
2021-02-24 16:21:09.780 [main] INFO  o.a.c.core.ContainerBase.[Tomcat].[localhost].[/] - Initializing Spring embedded WebApplicationContext
2021-02-24 16:21:09.780 [main] INFO  o.s.b.w.s.c.ServletWebServerApplicationContext - Root WebApplicationContext: initialization completed in 839 ms
2021-02-24 16:21:09.812 [main] INFO  o.s.boot.web.servlet.RegistrationBean - Servlet statViewServlet was not registered (possibly already registered?)
2021-02-24 16:21:09.814 [main] INFO  o.s.boot.web.servlet.RegistrationBean - Filter webStatFilter was not registered (possibly already registered?)
2021-02-24 16:21:10.576 [main] INFO  s.d.s.w.PropertySourcedRequestMappingHandlerMapping - Mapped URL path [/v2/api-docs] onto method [springfox.documentation.swagger2.web.Swagger2Controller#getDocumentation(String, HttpServletRequest)]
2021-02-24 16:21:10.631 [main] INFO  o.s.scheduling.concurrent.ThreadPoolTaskExecutor - Initializing ExecutorService 'applicationTaskExecutor'
2021-02-24 16:21:10.744 [main] INFO  o.s.scheduling.concurrent.ThreadPoolTaskScheduler - Initializing ExecutorService 'taskScheduler'
2021-02-24 16:21:10.770 [main] INFO  org.apache.coyote.http11.Http11NioProtocol - Starting ProtocolHandler ["http-nio-5000"]
2021-02-24 16:21:10.781 [main] INFO  o.s.boot.web.embedded.tomcat.TomcatWebServer - Tomcat started on port(s): 5000 (http) with context path ''
2021-02-24 16:21:10.781 [main] INFO  s.d.s.web.plugins.DocumentationPluginsBootstrapper - Context refreshed
2021-02-24 16:21:10.791 [main] INFO  s.d.s.web.plugins.DocumentationPluginsBootstrapper - Found 1 custom documentation plugin(s)
2021-02-24 16:21:10.807 [main] INFO  s.d.spring.web.scanners.ApiListingReferenceScanner - Scanning for api listing references
2021-02-24 16:21:10.925 [main] INFO  com.lzxx.system.SystemApplication - Started SystemApplication in 2.411 seconds (JVM running for 2.901)
2021-02-24 16:22:06.399 [http-nio-5000-exec-1] INFO  o.a.c.core.ContainerBase.[Tomcat].[localhost].[/] - Initializing Spring DispatcherServlet 'dispatcherServlet'
2021-02-24 16:22:06.399 [http-nio-5000-exec-1] INFO  org.springframework.web.servlet.DispatcherServlet - Initializing Servlet 'dispatcherServlet'
2021-02-24 16:22:06.400 [http-nio-5000-exec-1] INFO  org.springframework.web.servlet.DispatcherServlet - Completed initialization in 1 ms
2021-02-24 16:27:28.167 [main] INFO  com.lzxx.system.SystemApplication - Starting SystemApplication using Java 1.8.0_181 on DESKTOP-AUBNEG7 with PID 1260 (D:\space\java\sqfx-java\sqfx-system\target\classes started by 25012 in D:\space\java\sqfx-java)
2021-02-24 16:27:28.169 [main] INFO  com.lzxx.system.SystemApplication - The following profiles are active: dev
2021-02-24 16:27:29.075 [main] INFO  o.s.boot.web.embedded.tomcat.TomcatWebServer - Tomcat initialized with port(s): 5000 (http)
2021-02-24 16:27:29.081 [main] INFO  org.apache.coyote.http11.Http11NioProtocol - Initializing ProtocolHandler ["http-nio-5000"]
2021-02-24 16:27:29.082 [main] INFO  org.apache.catalina.core.StandardService - Starting service [Tomcat]
2021-02-24 16:27:29.082 [main] INFO  org.apache.catalina.core.StandardEngine - Starting Servlet engine: [Apache Tomcat/9.0.43]
2021-02-24 16:27:29.144 [main] INFO  o.a.c.core.ContainerBase.[Tomcat].[localhost].[/] - Initializing Spring embedded WebApplicationContext
2021-02-24 16:27:29.144 [main] INFO  o.s.b.w.s.c.ServletWebServerApplicationContext - Root WebApplicationContext: initialization completed in 913 ms
2021-02-24 16:27:29.180 [main] INFO  o.s.boot.web.servlet.RegistrationBean - Servlet statViewServlet was not registered (possibly already registered?)
2021-02-24 16:27:29.182 [main] INFO  o.s.boot.web.servlet.RegistrationBean - Filter webStatFilter was not registered (possibly already registered?)
2021-02-24 16:27:30.663 [main] INFO  s.d.s.w.PropertySourcedRequestMappingHandlerMapping - Mapped URL path [/v2/api-docs] onto method [springfox.documentation.swagger2.web.Swagger2Controller#getDocumentation(String, HttpServletRequest)]
2021-02-24 16:27:30.750 [main] INFO  o.s.scheduling.concurrent.ThreadPoolTaskExecutor - Initializing ExecutorService 'applicationTaskExecutor'
2021-02-24 16:27:30.911 [main] INFO  o.s.scheduling.concurrent.ThreadPoolTaskScheduler - Initializing ExecutorService 'taskScheduler'
2021-02-24 16:27:30.946 [main] INFO  org.apache.coyote.http11.Http11NioProtocol - Starting ProtocolHandler ["http-nio-5000"]
2021-02-24 16:27:30.971 [main] INFO  o.s.boot.web.embedded.tomcat.TomcatWebServer - Tomcat started on port(s): 5000 (http) with context path ''
2021-02-24 16:27:30.972 [main] INFO  s.d.s.web.plugins.DocumentationPluginsBootstrapper - Context refreshed
2021-02-24 16:27:30.992 [main] INFO  s.d.s.web.plugins.DocumentationPluginsBootstrapper - Found 1 custom documentation plugin(s)
2021-02-24 16:27:31.026 [main] INFO  s.d.spring.web.scanners.ApiListingReferenceScanner - Scanning for api listing references
2021-02-24 16:27:31.232 [main] INFO  com.lzxx.system.SystemApplication - Started SystemApplication in 3.484 seconds (JVM running for 4.089)
2021-02-24 16:27:34.190 [http-nio-5000-exec-1] INFO  o.a.c.core.ContainerBase.[Tomcat].[localhost].[/] - Initializing Spring DispatcherServlet 'dispatcherServlet'
2021-02-24 16:27:34.190 [http-nio-5000-exec-1] INFO  org.springframework.web.servlet.DispatcherServlet - Initializing Servlet 'dispatcherServlet'
2021-02-24 16:27:34.191 [http-nio-5000-exec-1] INFO  org.springframework.web.servlet.DispatcherServlet - Completed initialization in 1 ms
2021-02-24 16:39:00.589 [SpringContextShutdownHook] INFO  o.s.scheduling.concurrent.ThreadPoolTaskScheduler - Shutting down ExecutorService 'taskScheduler'
2021-02-24 16:39:00.599 [SpringContextShutdownHook] INFO  o.s.scheduling.concurrent.ThreadPoolTaskExecutor - Shutting down ExecutorService 'applicationTaskExecutor'
2021-02-24 16:39:04.664 [main] INFO  com.lzxx.system.SystemApplication - Starting SystemApplication using Java 1.8.0_181 on DESKTOP-AUBNEG7 with PID 1624 (D:\space\java\sqfx-java\sqfx-system\target\classes started by 25012 in D:\space\java\sqfx-java)
2021-02-24 16:39:04.666 [main] INFO  com.lzxx.system.SystemApplication - The following profiles are active: dev
2021-02-24 16:39:05.603 [main] INFO  o.s.boot.web.embedded.tomcat.TomcatWebServer - Tomcat initialized with port(s): 5000 (http)
2021-02-24 16:39:05.610 [main] INFO  org.apache.coyote.http11.Http11NioProtocol - Initializing ProtocolHandler ["http-nio-5000"]
2021-02-24 16:39:05.610 [main] INFO  org.apache.catalina.core.StandardService - Starting service [Tomcat]
2021-02-24 16:39:05.610 [main] INFO  org.apache.catalina.core.StandardEngine - Starting Servlet engine: [Apache Tomcat/9.0.43]
2021-02-24 16:39:05.670 [main] INFO  o.a.c.core.ContainerBase.[Tomcat].[localhost].[/] - Initializing Spring embedded WebApplicationContext
2021-02-24 16:39:05.670 [main] INFO  o.s.b.w.s.c.ServletWebServerApplicationContext - Root WebApplicationContext: initialization completed in 971 ms
2021-02-24 16:39:05.706 [main] INFO  o.s.boot.web.servlet.RegistrationBean - Servlet statViewServlet was not registered (possibly already registered?)
2021-02-24 16:39:05.708 [main] INFO  o.s.boot.web.servlet.RegistrationBean - Filter webStatFilter was not registered (possibly already registered?)
2021-02-24 16:39:06.574 [main] INFO  s.d.s.w.PropertySourcedRequestMappingHandlerMapping - Mapped URL path [/v2/api-docs] onto method [springfox.documentation.swagger2.web.Swagger2Controller#getDocumentation(String, HttpServletRequest)]
2021-02-24 16:39:06.627 [main] INFO  o.s.scheduling.concurrent.ThreadPoolTaskExecutor - Initializing ExecutorService 'applicationTaskExecutor'
2021-02-24 16:39:06.730 [main] INFO  o.s.scheduling.concurrent.ThreadPoolTaskScheduler - Initializing ExecutorService 'taskScheduler'
2021-02-24 16:39:06.755 [main] INFO  org.apache.coyote.http11.Http11NioProtocol - Starting ProtocolHandler ["http-nio-5000"]
2021-02-24 16:39:06.765 [main] INFO  o.s.boot.web.embedded.tomcat.TomcatWebServer - Tomcat started on port(s): 5000 (http) with context path ''
2021-02-24 16:39:06.766 [main] INFO  s.d.s.web.plugins.DocumentationPluginsBootstrapper - Context refreshed
2021-02-24 16:39:06.775 [main] INFO  s.d.s.web.plugins.DocumentationPluginsBootstrapper - Found 1 custom documentation plugin(s)
2021-02-24 16:39:06.792 [main] INFO  s.d.spring.web.scanners.ApiListingReferenceScanner - Scanning for api listing references
2021-02-24 16:39:06.907 [main] INFO  com.lzxx.system.SystemApplication - Started SystemApplication in 2.6 seconds (JVM running for 3.076)
2021-02-24 16:44:29.429 [main] INFO  com.lzxx.system.SystemApplication - Starting SystemApplication using Java 1.8.0_181 on DESKTOP-AUBNEG7 with PID 8892 (D:\space\java\sqfx-java\sqfx-system\target\classes started by 25012 in D:\space\java\sqfx-java)
2021-02-24 16:44:29.431 [main] INFO  com.lzxx.system.SystemApplication - The following profiles are active: dev
2021-02-24 16:44:30.223 [main] INFO  o.s.boot.web.embedded.tomcat.TomcatWebServer - Tomcat initialized with port(s): 5000 (http)
2021-02-24 16:44:30.228 [main] INFO  org.apache.coyote.http11.Http11NioProtocol - Initializing ProtocolHandler ["http-nio-5000"]
2021-02-24 16:44:30.229 [main] INFO  org.apache.catalina.core.StandardService - Starting service [Tomcat]
2021-02-24 16:44:30.229 [main] INFO  org.apache.catalina.core.StandardEngine - Starting Servlet engine: [Apache Tomcat/9.0.43]
2021-02-24 16:44:30.287 [main] INFO  o.a.c.core.ContainerBase.[Tomcat].[localhost].[/] - Initializing Spring embedded WebApplicationContext
2021-02-24 16:44:30.288 [main] INFO  o.s.b.w.s.c.ServletWebServerApplicationContext - Root WebApplicationContext: initialization completed in 824 ms
2021-02-24 16:44:30.319 [main] INFO  o.s.boot.web.servlet.RegistrationBean - Servlet statViewServlet was not registered (possibly already registered?)
2021-02-24 16:44:30.321 [main] INFO  o.s.boot.web.servlet.RegistrationBean - Filter webStatFilter was not registered (possibly already registered?)
2021-02-24 16:44:31.046 [main] INFO  s.d.s.w.PropertySourcedRequestMappingHandlerMapping - Mapped URL path [/v2/api-docs] onto method [springfox.documentation.swagger2.web.Swagger2Controller#getDocumentation(String, HttpServletRequest)]
2021-02-24 16:44:31.097 [main] INFO  o.s.scheduling.concurrent.ThreadPoolTaskExecutor - Initializing ExecutorService 'applicationTaskExecutor'
2021-02-24 16:44:31.198 [main] INFO  o.s.scheduling.concurrent.ThreadPoolTaskScheduler - Initializing ExecutorService 'taskScheduler'
2021-02-24 16:44:31.225 [main] INFO  org.apache.coyote.http11.Http11NioProtocol - Starting ProtocolHandler ["http-nio-5000"]
2021-02-24 16:44:31.236 [main] INFO  o.s.boot.web.embedded.tomcat.TomcatWebServer - Tomcat started on port(s): 5000 (http) with context path ''
2021-02-24 16:44:31.237 [main] INFO  s.d.s.web.plugins.DocumentationPluginsBootstrapper - Context refreshed
2021-02-24 16:44:31.246 [main] INFO  s.d.s.web.plugins.DocumentationPluginsBootstrapper - Found 1 custom documentation plugin(s)
2021-02-24 16:44:31.266 [main] INFO  s.d.spring.web.scanners.ApiListingReferenceScanner - Scanning for api listing references
2021-02-24 16:44:31.386 [main] INFO  com.lzxx.system.SystemApplication - Started SystemApplication in 2.357 seconds (JVM running for 2.863)
2021-02-24 17:21:16.290 [main] INFO  com.lzxx.system.SystemApplication - Starting SystemApplication using Java 1.8.0_181 on DESKTOP-AUBNEG7 with PID 17092 (D:\space\java\sqfx-java\sqfx-system\target\classes started by 25012 in D:\space\java\sqfx-java)
2021-02-24 17:21:16.293 [main] INFO  com.lzxx.system.SystemApplication - The following profiles are active: dev
2021-02-24 17:21:17.063 [main] INFO  o.s.boot.web.embedded.tomcat.TomcatWebServer - Tomcat initialized with port(s): 5000 (http)
2021-02-24 17:21:17.067 [main] INFO  org.apache.coyote.http11.Http11NioProtocol - Initializing ProtocolHandler ["http-nio-5000"]
2021-02-24 17:21:17.068 [main] INFO  org.apache.catalina.core.StandardService - Starting service [Tomcat]
2021-02-24 17:21:17.068 [main] INFO  org.apache.catalina.core.StandardEngine - Starting Servlet engine: [Apache Tomcat/9.0.43]
2021-02-24 17:21:17.119 [main] INFO  o.a.c.core.ContainerBase.[Tomcat].[localhost].[/] - Initializing Spring embedded WebApplicationContext
2021-02-24 17:21:17.120 [main] INFO  o.s.b.w.s.c.ServletWebServerApplicationContext - Root WebApplicationContext: initialization completed in 795 ms
2021-02-24 17:21:17.151 [main] INFO  o.s.boot.web.servlet.RegistrationBean - Servlet statViewServlet was not registered (possibly already registered?)
2021-02-24 17:21:17.153 [main] INFO  o.s.boot.web.servlet.RegistrationBean - Filter webStatFilter was not registered (possibly already registered?)
2021-02-24 17:21:17.870 [main] INFO  s.d.s.w.PropertySourcedRequestMappingHandlerMapping - Mapped URL path [/v2/api-docs] onto method [springfox.documentation.swagger2.web.Swagger2Controller#getDocumentation(String, HttpServletRequest)]
2021-02-24 17:21:17.920 [main] INFO  o.s.scheduling.concurrent.ThreadPoolTaskExecutor - Initializing ExecutorService 'applicationTaskExecutor'
2021-02-24 17:21:18.021 [main] INFO  o.s.scheduling.concurrent.ThreadPoolTaskScheduler - Initializing ExecutorService 'taskScheduler'
2021-02-24 17:21:18.045 [main] INFO  org.apache.coyote.http11.Http11NioProtocol - Starting ProtocolHandler ["http-nio-5000"]
2021-02-24 17:21:18.055 [main] INFO  o.s.boot.web.embedded.tomcat.TomcatWebServer - Tomcat started on port(s): 5000 (http) with context path ''
2021-02-24 17:21:18.056 [main] INFO  s.d.s.web.plugins.DocumentationPluginsBootstrapper - Context refreshed
2021-02-24 17:21:18.063 [main] INFO  s.d.s.web.plugins.DocumentationPluginsBootstrapper - Found 1 custom documentation plugin(s)
2021-02-24 17:21:18.080 [main] INFO  s.d.spring.web.scanners.ApiListingReferenceScanner - Scanning for api listing references
2021-02-24 17:21:18.195 [main] INFO  com.lzxx.system.SystemApplication - Started SystemApplication in 2.251 seconds (JVM running for 2.702)
