2021-02-23 10:47:29.827 [main] INFO  com.lzxx.system.SystemApplication - Starting SystemApplication using Java 1.8.0_181 on DESKTOP-AUBNEG7 with PID 11944 (D:\space\java\sqfx-java\sqfx-system\target\classes started by 25012 in D:\space\java\sqfx-java)
2021-02-23 10:47:29.842 [main] INFO  com.lzxx.system.SystemApplication - The following profiles are active: dev
2021-02-23 10:47:30.718 [main] INFO  o.s.boot.web.embedded.tomcat.TomcatWebServer - Tomcat initialized with port(s): 4399 (http)
2021-02-23 10:47:30.718 [main] INFO  org.apache.coyote.http11.Http11NioProtocol - Initializing ProtocolHandler ["http-nio-4399"]
2021-02-23 10:47:30.718 [main] INFO  org.apache.catalina.core.StandardService - Starting service [Tomcat]
2021-02-23 10:47:30.718 [main] INFO  org.apache.catalina.core.StandardEngine - Starting Servlet engine: [Apache Tomcat/9.0.43]
2021-02-23 10:47:30.780 [main] INFO  o.a.c.core.ContainerBase.[Tomcat].[localhost].[/] - Initializing Spring embedded WebApplicationContext
2021-02-23 10:47:30.780 [main] INFO  o.s.b.w.s.c.ServletWebServerApplicationContext - Root WebApplicationContext: initialization completed in 906 ms
2021-02-23 10:47:30.827 [main] INFO  o.s.boot.web.servlet.RegistrationBean - Servlet statViewServlet was not registered (possibly already registered?)
2021-02-23 10:47:30.827 [main] INFO  o.s.boot.web.servlet.RegistrationBean - Filter webStatFilter was not registered (possibly already registered?)
2021-02-23 10:47:31.093 [main] INFO  s.d.s.w.PropertySourcedRequestMappingHandlerMapping - Mapped URL path [/v2/api-docs] onto method [springfox.documentation.swagger2.web.Swagger2Controller#getDocumentation(String, HttpServletRequest)]
2021-02-23 10:47:31.158 [main] INFO  o.s.scheduling.concurrent.ThreadPoolTaskExecutor - Initializing ExecutorService 'applicationTaskExecutor'
2021-02-23 10:47:31.549 [main] INFO  o.s.scheduling.concurrent.ThreadPoolTaskScheduler - Initializing ExecutorService 'taskScheduler'
2021-02-23 10:47:31.564 [main] INFO  org.apache.coyote.http11.Http11NioProtocol - Starting ProtocolHandler ["http-nio-4399"]
2021-02-23 10:47:31.580 [main] INFO  o.s.boot.web.embedded.tomcat.TomcatWebServer - Tomcat started on port(s): 4399 (http) with context path ''
2021-02-23 10:47:31.580 [main] INFO  s.d.s.web.plugins.DocumentationPluginsBootstrapper - Context refreshed
2021-02-23 10:47:31.595 [main] INFO  s.d.s.web.plugins.DocumentationPluginsBootstrapper - Found 1 custom documentation plugin(s)
2021-02-23 10:47:31.611 [main] INFO  s.d.spring.web.scanners.ApiListingReferenceScanner - Scanning for api listing references
2021-02-23 10:47:31.736 [main] INFO  com.lzxx.system.SystemApplication - Started SystemApplication in 2.33 seconds (JVM running for 2.915)
2021-02-23 10:48:03.060 [http-nio-4399-exec-1] INFO  o.a.c.core.ContainerBase.[Tomcat].[localhost].[/] - Initializing Spring DispatcherServlet 'dispatcherServlet'
2021-02-23 10:48:03.060 [http-nio-4399-exec-1] INFO  org.springframework.web.servlet.DispatcherServlet - Initializing Servlet 'dispatcherServlet'
2021-02-23 10:48:03.060 [http-nio-4399-exec-1] INFO  org.springframework.web.servlet.DispatcherServlet - Completed initialization in 0 ms
2021-02-23 10:50:37.413 [main] INFO  com.lzxx.system.SystemApplication - Starting SystemApplication using Java 1.8.0_181 on DESKTOP-AUBNEG7 with PID 10736 (D:\space\java\sqfx-java\sqfx-system\target\classes started by 25012 in D:\space\java\sqfx-java)
2021-02-23 10:50:37.413 [main] INFO  com.lzxx.system.SystemApplication - The following profiles are active: dev
2021-02-23 10:50:38.189 [main] INFO  o.s.boot.web.embedded.tomcat.TomcatWebServer - Tomcat initialized with port(s): 4399 (http)
2021-02-23 10:50:38.204 [main] INFO  org.apache.coyote.http11.Http11NioProtocol - Initializing ProtocolHandler ["http-nio-4399"]
2021-02-23 10:50:38.204 [main] INFO  org.apache.catalina.core.StandardService - Starting service [Tomcat]
2021-02-23 10:50:38.204 [main] INFO  org.apache.catalina.core.StandardEngine - Starting Servlet engine: [Apache Tomcat/9.0.43]
2021-02-23 10:50:38.251 [main] INFO  o.a.c.core.ContainerBase.[Tomcat].[localhost].[/] - Initializing Spring embedded WebApplicationContext
2021-02-23 10:50:38.251 [main] INFO  o.s.b.w.s.c.ServletWebServerApplicationContext - Root WebApplicationContext: initialization completed in 807 ms
2021-02-23 10:50:38.298 [main] INFO  o.s.boot.web.servlet.RegistrationBean - Servlet statViewServlet was not registered (possibly already registered?)
2021-02-23 10:50:38.298 [main] INFO  o.s.boot.web.servlet.RegistrationBean - Filter webStatFilter was not registered (possibly already registered?)
2021-02-23 10:50:38.589 [main] INFO  s.d.s.w.PropertySourcedRequestMappingHandlerMapping - Mapped URL path [/v2/api-docs] onto method [springfox.documentation.swagger2.web.Swagger2Controller#getDocumentation(String, HttpServletRequest)]
2021-02-23 10:50:38.643 [main] INFO  o.s.scheduling.concurrent.ThreadPoolTaskExecutor - Initializing ExecutorService 'applicationTaskExecutor'
2021-02-23 10:50:39.024 [main] INFO  o.s.scheduling.concurrent.ThreadPoolTaskScheduler - Initializing ExecutorService 'taskScheduler'
2021-02-23 10:50:39.050 [main] INFO  org.apache.coyote.http11.Http11NioProtocol - Starting ProtocolHandler ["http-nio-4399"]
2021-02-23 10:50:39.061 [main] INFO  o.s.boot.web.embedded.tomcat.TomcatWebServer - Tomcat started on port(s): 4399 (http) with context path ''
2021-02-23 10:50:39.062 [main] INFO  s.d.s.web.plugins.DocumentationPluginsBootstrapper - Context refreshed
2021-02-23 10:50:39.072 [main] INFO  s.d.s.web.plugins.DocumentationPluginsBootstrapper - Found 1 custom documentation plugin(s)
2021-02-23 10:50:39.091 [main] INFO  s.d.spring.web.scanners.ApiListingReferenceScanner - Scanning for api listing references
2021-02-23 10:50:39.218 [main] INFO  com.lzxx.system.SystemApplication - Started SystemApplication in 2.155 seconds (JVM running for 2.627)
2021-02-23 10:57:00.112 [http-nio-4399-exec-1] INFO  o.a.c.core.ContainerBase.[Tomcat].[localhost].[/] - Initializing Spring DispatcherServlet 'dispatcherServlet'
2021-02-23 10:57:00.112 [http-nio-4399-exec-1] INFO  org.springframework.web.servlet.DispatcherServlet - Initializing Servlet 'dispatcherServlet'
2021-02-23 10:57:00.113 [http-nio-4399-exec-1] INFO  org.springframework.web.servlet.DispatcherServlet - Completed initialization in 1 ms
2021-02-23 11:36:20.344 [main] INFO  com.lzxx.system.SystemApplication - Starting SystemApplication using Java 1.8.0_181 on DESKTOP-AUBNEG7 with PID 3960 (D:\space\java\sqfx-java\sqfx-system\target\classes started by 25012 in D:\space\java\sqfx-java)
2021-02-23 11:36:20.347 [main] INFO  com.lzxx.system.SystemApplication - The following profiles are active: dev
2021-02-23 11:36:21.171 [main] INFO  o.s.boot.web.embedded.tomcat.TomcatWebServer - Tomcat initialized with port(s): 4399 (http)
2021-02-23 11:36:21.181 [main] INFO  org.apache.coyote.http11.Http11NioProtocol - Initializing ProtocolHandler ["http-nio-4399"]
2021-02-23 11:36:21.181 [main] INFO  org.apache.catalina.core.StandardService - Starting service [Tomcat]
2021-02-23 11:36:21.182 [main] INFO  org.apache.catalina.core.StandardEngine - Starting Servlet engine: [Apache Tomcat/9.0.43]
2021-02-23 11:36:21.234 [main] INFO  o.a.c.core.ContainerBase.[Tomcat].[localhost].[/] - Initializing Spring embedded WebApplicationContext
2021-02-23 11:36:21.234 [main] INFO  o.s.b.w.s.c.ServletWebServerApplicationContext - Root WebApplicationContext: initialization completed in 851 ms
2021-02-23 11:36:21.265 [main] INFO  o.s.boot.web.servlet.RegistrationBean - Servlet statViewServlet was not registered (possibly already registered?)
2021-02-23 11:36:21.266 [main] INFO  o.s.boot.web.servlet.RegistrationBean - Filter webStatFilter was not registered (possibly already registered?)
2021-02-23 11:36:21.518 [main] INFO  s.d.s.w.PropertySourcedRequestMappingHandlerMapping - Mapped URL path [/v2/api-docs] onto method [springfox.documentation.swagger2.web.Swagger2Controller#getDocumentation(String, HttpServletRequest)]
2021-02-23 11:36:21.568 [main] INFO  o.s.scheduling.concurrent.ThreadPoolTaskExecutor - Initializing ExecutorService 'applicationTaskExecutor'
2021-02-23 11:36:21.933 [main] INFO  o.s.scheduling.concurrent.ThreadPoolTaskScheduler - Initializing ExecutorService 'taskScheduler'
2021-02-23 11:36:21.966 [main] INFO  org.apache.coyote.http11.Http11NioProtocol - Starting ProtocolHandler ["http-nio-4399"]
2021-02-23 11:36:21.983 [main] INFO  o.s.boot.web.embedded.tomcat.TomcatWebServer - Tomcat started on port(s): 4399 (http) with context path ''
2021-02-23 11:36:21.985 [main] INFO  s.d.s.web.plugins.DocumentationPluginsBootstrapper - Context refreshed
2021-02-23 11:36:21.998 [main] INFO  s.d.s.web.plugins.DocumentationPluginsBootstrapper - Found 1 custom documentation plugin(s)
2021-02-23 11:36:22.021 [main] INFO  s.d.spring.web.scanners.ApiListingReferenceScanner - Scanning for api listing references
2021-02-23 11:36:22.141 [main] INFO  com.lzxx.system.SystemApplication - Started SystemApplication in 2.167 seconds (JVM running for 2.636)
2021-02-23 11:38:53.361 [main] INFO  com.lzxx.system.SystemApplication - Starting SystemApplication using Java 1.8.0_181 on DESKTOP-AUBNEG7 with PID 2668 (D:\space\java\sqfx-java\sqfx-system\target\classes started by 25012 in D:\space\java\sqfx-java)
2021-02-23 11:38:53.361 [main] INFO  com.lzxx.system.SystemApplication - The following profiles are active: dev
2021-02-23 11:38:54.131 [main] INFO  o.s.boot.web.embedded.tomcat.TomcatWebServer - Tomcat initialized with port(s): 4399 (http)
2021-02-23 11:38:54.131 [main] INFO  org.apache.coyote.http11.Http11NioProtocol - Initializing ProtocolHandler ["http-nio-4399"]
2021-02-23 11:38:54.131 [main] INFO  org.apache.catalina.core.StandardService - Starting service [Tomcat]
2021-02-23 11:38:54.131 [main] INFO  org.apache.catalina.core.StandardEngine - Starting Servlet engine: [Apache Tomcat/9.0.43]
2021-02-23 11:38:54.200 [main] INFO  o.a.c.core.ContainerBase.[Tomcat].[localhost].[/] - Initializing Spring embedded WebApplicationContext
2021-02-23 11:38:54.200 [main] INFO  o.s.b.w.s.c.ServletWebServerApplicationContext - Root WebApplicationContext: initialization completed in 807 ms
2021-02-23 11:38:54.233 [main] INFO  o.s.boot.web.servlet.RegistrationBean - Servlet statViewServlet was not registered (possibly already registered?)
2021-02-23 11:38:54.233 [main] INFO  o.s.boot.web.servlet.RegistrationBean - Filter webStatFilter was not registered (possibly already registered?)
2021-02-23 11:38:54.468 [main] INFO  s.d.s.w.PropertySourcedRequestMappingHandlerMapping - Mapped URL path [/v2/api-docs] onto method [springfox.documentation.swagger2.web.Swagger2Controller#getDocumentation(String, HttpServletRequest)]
2021-02-23 11:38:54.514 [main] INFO  o.s.scheduling.concurrent.ThreadPoolTaskExecutor - Initializing ExecutorService 'applicationTaskExecutor'
2021-02-23 11:38:54.858 [main] INFO  o.s.scheduling.concurrent.ThreadPoolTaskScheduler - Initializing ExecutorService 'taskScheduler'
2021-02-23 11:38:54.889 [main] INFO  org.apache.coyote.http11.Http11NioProtocol - Starting ProtocolHandler ["http-nio-4399"]
2021-02-23 11:38:54.905 [main] INFO  o.s.boot.web.embedded.tomcat.TomcatWebServer - Tomcat started on port(s): 4399 (http) with context path ''
2021-02-23 11:38:54.905 [main] INFO  s.d.s.web.plugins.DocumentationPluginsBootstrapper - Context refreshed
2021-02-23 11:38:54.905 [main] INFO  s.d.s.web.plugins.DocumentationPluginsBootstrapper - Found 1 custom documentation plugin(s)
2021-02-23 11:38:54.921 [main] INFO  s.d.spring.web.scanners.ApiListingReferenceScanner - Scanning for api listing references
2021-02-23 11:38:55.048 [main] INFO  com.lzxx.system.SystemApplication - Started SystemApplication in 2.027 seconds (JVM running for 2.476)
2021-02-23 11:39:03.251 [http-nio-4399-exec-1] INFO  o.a.c.core.ContainerBase.[Tomcat].[localhost].[/] - Initializing Spring DispatcherServlet 'dispatcherServlet'
2021-02-23 11:39:03.251 [http-nio-4399-exec-1] INFO  org.springframework.web.servlet.DispatcherServlet - Initializing Servlet 'dispatcherServlet'
2021-02-23 11:39:03.252 [http-nio-4399-exec-1] INFO  org.springframework.web.servlet.DispatcherServlet - Completed initialization in 1 ms
2021-02-23 11:40:03.603 [main] INFO  com.lzxx.system.SystemApplication - Starting SystemApplication using Java 1.8.0_181 on DESKTOP-AUBNEG7 with PID 6608 (D:\space\java\sqfx-java\sqfx-system\target\classes started by 25012 in D:\space\java\sqfx-java)
2021-02-23 11:40:03.605 [main] INFO  com.lzxx.system.SystemApplication - The following profiles are active: dev
2021-02-23 11:40:04.370 [main] INFO  o.s.boot.web.embedded.tomcat.TomcatWebServer - Tomcat initialized with port(s): 4399 (http)
2021-02-23 11:40:04.375 [main] INFO  org.apache.coyote.http11.Http11NioProtocol - Initializing ProtocolHandler ["http-nio-4399"]
2021-02-23 11:40:04.375 [main] INFO  org.apache.catalina.core.StandardService - Starting service [Tomcat]
2021-02-23 11:40:04.375 [main] INFO  org.apache.catalina.core.StandardEngine - Starting Servlet engine: [Apache Tomcat/9.0.43]
2021-02-23 11:40:04.426 [main] INFO  o.a.c.core.ContainerBase.[Tomcat].[localhost].[/] - Initializing Spring embedded WebApplicationContext
2021-02-23 11:40:04.426 [main] INFO  o.s.b.w.s.c.ServletWebServerApplicationContext - Root WebApplicationContext: initialization completed in 786 ms
2021-02-23 11:40:04.456 [main] INFO  o.s.boot.web.servlet.RegistrationBean - Servlet statViewServlet was not registered (possibly already registered?)
2021-02-23 11:40:04.458 [main] INFO  o.s.boot.web.servlet.RegistrationBean - Filter webStatFilter was not registered (possibly already registered?)
2021-02-23 11:40:04.695 [main] INFO  s.d.s.w.PropertySourcedRequestMappingHandlerMapping - Mapped URL path [/v2/api-docs] onto method [springfox.documentation.swagger2.web.Swagger2Controller#getDocumentation(String, HttpServletRequest)]
2021-02-23 11:40:04.745 [main] INFO  o.s.scheduling.concurrent.ThreadPoolTaskExecutor - Initializing ExecutorService 'applicationTaskExecutor'
2021-02-23 11:40:05.104 [main] INFO  o.s.scheduling.concurrent.ThreadPoolTaskScheduler - Initializing ExecutorService 'taskScheduler'
2021-02-23 11:40:05.127 [main] INFO  org.apache.coyote.http11.Http11NioProtocol - Starting ProtocolHandler ["http-nio-4399"]
2021-02-23 11:40:05.137 [main] INFO  o.s.boot.web.embedded.tomcat.TomcatWebServer - Tomcat started on port(s): 4399 (http) with context path ''
2021-02-23 11:40:05.138 [main] INFO  s.d.s.web.plugins.DocumentationPluginsBootstrapper - Context refreshed
2021-02-23 11:40:05.147 [main] INFO  s.d.s.web.plugins.DocumentationPluginsBootstrapper - Found 1 custom documentation plugin(s)
2021-02-23 11:40:05.164 [main] INFO  s.d.spring.web.scanners.ApiListingReferenceScanner - Scanning for api listing references
2021-02-23 11:40:05.288 [main] INFO  com.lzxx.system.SystemApplication - Started SystemApplication in 2.036 seconds (JVM running for 2.503)
2021-02-23 11:42:46.833 [main] INFO  com.lzxx.system.SystemApplication - Starting SystemApplication using Java 1.8.0_181 on DESKTOP-AUBNEG7 with PID 10376 (D:\space\java\sqfx-java\sqfx-system\target\classes started by 25012 in D:\space\java\sqfx-java)
2021-02-23 11:42:46.833 [main] INFO  com.lzxx.system.SystemApplication - The following profiles are active: dev
2021-02-23 11:42:47.583 [main] INFO  o.s.boot.web.embedded.tomcat.TomcatWebServer - Tomcat initialized with port(s): 4399 (http)
2021-02-23 11:42:47.599 [main] INFO  org.apache.coyote.http11.Http11NioProtocol - Initializing ProtocolHandler ["http-nio-4399"]
2021-02-23 11:42:47.599 [main] INFO  org.apache.catalina.core.StandardService - Starting service [Tomcat]
2021-02-23 11:42:47.599 [main] INFO  org.apache.catalina.core.StandardEngine - Starting Servlet engine: [Apache Tomcat/9.0.43]
2021-02-23 11:42:47.646 [main] INFO  o.a.c.core.ContainerBase.[Tomcat].[localhost].[/] - Initializing Spring embedded WebApplicationContext
2021-02-23 11:42:47.646 [main] INFO  o.s.b.w.s.c.ServletWebServerApplicationContext - Root WebApplicationContext: initialization completed in 782 ms
2021-02-23 11:42:47.677 [main] INFO  o.s.boot.web.servlet.RegistrationBean - Servlet statViewServlet was not registered (possibly already registered?)
2021-02-23 11:42:47.677 [main] INFO  o.s.boot.web.servlet.RegistrationBean - Filter webStatFilter was not registered (possibly already registered?)
2021-02-23 11:42:47.911 [main] INFO  s.d.s.w.PropertySourcedRequestMappingHandlerMapping - Mapped URL path [/v2/api-docs] onto method [springfox.documentation.swagger2.web.Swagger2Controller#getDocumentation(String, HttpServletRequest)]
2021-02-23 11:42:47.958 [main] INFO  o.s.scheduling.concurrent.ThreadPoolTaskExecutor - Initializing ExecutorService 'applicationTaskExecutor'
2021-02-23 11:42:48.317 [main] INFO  o.s.scheduling.concurrent.ThreadPoolTaskScheduler - Initializing ExecutorService 'taskScheduler'
2021-02-23 11:42:48.333 [main] INFO  org.apache.coyote.http11.Http11NioProtocol - Starting ProtocolHandler ["http-nio-4399"]
2021-02-23 11:42:48.349 [main] INFO  o.s.boot.web.embedded.tomcat.TomcatWebServer - Tomcat started on port(s): 4399 (http) with context path ''
2021-02-23 11:42:48.349 [main] INFO  s.d.s.web.plugins.DocumentationPluginsBootstrapper - Context refreshed
2021-02-23 11:42:48.349 [main] INFO  s.d.s.web.plugins.DocumentationPluginsBootstrapper - Found 1 custom documentation plugin(s)
2021-02-23 11:42:48.380 [main] INFO  s.d.spring.web.scanners.ApiListingReferenceScanner - Scanning for api listing references
2021-02-23 11:42:48.489 [main] INFO  com.lzxx.system.SystemApplication - Started SystemApplication in 1.998 seconds (JVM running for 2.502)
2021-02-23 11:42:51.542 [http-nio-4399-exec-1] INFO  o.a.c.core.ContainerBase.[Tomcat].[localhost].[/] - Initializing Spring DispatcherServlet 'dispatcherServlet'
2021-02-23 11:42:51.542 [http-nio-4399-exec-1] INFO  org.springframework.web.servlet.DispatcherServlet - Initializing Servlet 'dispatcherServlet'
2021-02-23 11:42:51.543 [http-nio-4399-exec-1] INFO  org.springframework.web.servlet.DispatcherServlet - Completed initialization in 1 ms
2021-02-23 11:43:21.765 [main] INFO  com.lzxx.system.SystemApplication - Starting SystemApplication using Java 1.8.0_181 on DESKTOP-AUBNEG7 with PID 11828 (D:\space\java\sqfx-java\sqfx-system\target\classes started by 25012 in D:\space\java\sqfx-java)
2021-02-23 11:43:21.765 [main] INFO  com.lzxx.system.SystemApplication - The following profiles are active: dev
2021-02-23 11:43:22.562 [main] INFO  o.s.boot.web.embedded.tomcat.TomcatWebServer - Tomcat initialized with port(s): 4399 (http)
2021-02-23 11:43:22.562 [main] INFO  org.apache.coyote.http11.Http11NioProtocol - Initializing ProtocolHandler ["http-nio-4399"]
2021-02-23 11:43:22.562 [main] INFO  org.apache.catalina.core.StandardService - Starting service [Tomcat]
2021-02-23 11:43:22.562 [main] INFO  org.apache.catalina.core.StandardEngine - Starting Servlet engine: [Apache Tomcat/9.0.43]
2021-02-23 11:43:22.624 [main] INFO  o.a.c.core.ContainerBase.[Tomcat].[localhost].[/] - Initializing Spring embedded WebApplicationContext
2021-02-23 11:43:22.624 [main] INFO  o.s.b.w.s.c.ServletWebServerApplicationContext - Root WebApplicationContext: initialization completed in 812 ms
2021-02-23 11:43:22.656 [main] INFO  o.s.boot.web.servlet.RegistrationBean - Servlet statViewServlet was not registered (possibly already registered?)
2021-02-23 11:43:22.656 [main] INFO  o.s.boot.web.servlet.RegistrationBean - Filter webStatFilter was not registered (possibly already registered?)
2021-02-23 11:43:22.890 [main] INFO  s.d.s.w.PropertySourcedRequestMappingHandlerMapping - Mapped URL path [/v2/api-docs] onto method [springfox.documentation.swagger2.web.Swagger2Controller#getDocumentation(String, HttpServletRequest)]
2021-02-23 11:43:22.937 [main] INFO  o.s.scheduling.concurrent.ThreadPoolTaskExecutor - Initializing ExecutorService 'applicationTaskExecutor'
2021-02-23 11:43:23.280 [main] INFO  o.s.scheduling.concurrent.ThreadPoolTaskScheduler - Initializing ExecutorService 'taskScheduler'
2021-02-23 11:43:23.312 [main] INFO  org.apache.coyote.http11.Http11NioProtocol - Starting ProtocolHandler ["http-nio-4399"]
2021-02-23 11:43:23.312 [main] INFO  o.s.boot.web.embedded.tomcat.TomcatWebServer - Tomcat started on port(s): 4399 (http) with context path ''
2021-02-23 11:43:23.312 [main] INFO  s.d.s.web.plugins.DocumentationPluginsBootstrapper - Context refreshed
2021-02-23 11:43:23.327 [main] INFO  s.d.s.web.plugins.DocumentationPluginsBootstrapper - Found 1 custom documentation plugin(s)
2021-02-23 11:43:23.343 [main] INFO  s.d.spring.web.scanners.ApiListingReferenceScanner - Scanning for api listing references
2021-02-23 11:43:23.468 [main] INFO  com.lzxx.system.SystemApplication - Started SystemApplication in 2.066 seconds (JVM running for 2.59)
2021-02-23 11:43:35.602 [main] INFO  com.lzxx.system.SystemApplication - Starting SystemApplication using Java 1.8.0_181 on DESKTOP-AUBNEG7 with PID 3892 (D:\space\java\sqfx-java\sqfx-system\target\classes started by 25012 in D:\space\java\sqfx-java)
2021-02-23 11:43:35.602 [main] INFO  com.lzxx.system.SystemApplication - The following profiles are active: dev
2021-02-23 11:43:36.430 [main] INFO  o.s.boot.web.embedded.tomcat.TomcatWebServer - Tomcat initialized with port(s): 4399 (http)
2021-02-23 11:43:36.445 [main] INFO  org.apache.coyote.http11.Http11NioProtocol - Initializing ProtocolHandler ["http-nio-4399"]
2021-02-23 11:43:36.445 [main] INFO  org.apache.catalina.core.StandardService - Starting service [Tomcat]
2021-02-23 11:43:36.445 [main] INFO  org.apache.catalina.core.StandardEngine - Starting Servlet engine: [Apache Tomcat/9.0.43]
2021-02-23 11:43:36.492 [main] INFO  o.a.c.core.ContainerBase.[Tomcat].[localhost].[/] - Initializing Spring embedded WebApplicationContext
2021-02-23 11:43:36.492 [main] INFO  o.s.b.w.s.c.ServletWebServerApplicationContext - Root WebApplicationContext: initialization completed in 859 ms
2021-02-23 11:43:36.523 [main] INFO  o.s.boot.web.servlet.RegistrationBean - Servlet statViewServlet was not registered (possibly already registered?)
2021-02-23 11:43:36.539 [main] INFO  o.s.boot.web.servlet.RegistrationBean - Filter webStatFilter was not registered (possibly already registered?)
2021-02-23 11:43:36.773 [main] INFO  s.d.s.w.PropertySourcedRequestMappingHandlerMapping - Mapped URL path [/v2/api-docs] onto method [springfox.documentation.swagger2.web.Swagger2Controller#getDocumentation(String, HttpServletRequest)]
2021-02-23 11:43:36.820 [main] INFO  o.s.scheduling.concurrent.ThreadPoolTaskExecutor - Initializing ExecutorService 'applicationTaskExecutor'
2021-02-23 11:43:37.164 [main] INFO  o.s.scheduling.concurrent.ThreadPoolTaskScheduler - Initializing ExecutorService 'taskScheduler'
2021-02-23 11:43:37.195 [main] INFO  org.apache.coyote.http11.Http11NioProtocol - Starting ProtocolHandler ["http-nio-4399"]
2021-02-23 11:43:37.195 [main] INFO  o.s.boot.web.embedded.tomcat.TomcatWebServer - Tomcat started on port(s): 4399 (http) with context path ''
2021-02-23 11:43:37.195 [main] INFO  s.d.s.web.plugins.DocumentationPluginsBootstrapper - Context refreshed
2021-02-23 11:43:37.211 [main] INFO  s.d.s.web.plugins.DocumentationPluginsBootstrapper - Found 1 custom documentation plugin(s)
2021-02-23 11:43:37.226 [main] INFO  s.d.spring.web.scanners.ApiListingReferenceScanner - Scanning for api listing references
2021-02-23 11:43:37.351 [main] INFO  com.lzxx.system.SystemApplication - Started SystemApplication in 2.097 seconds (JVM running for 2.557)
2021-02-23 11:43:43.490 [http-nio-4399-exec-1] INFO  o.a.c.core.ContainerBase.[Tomcat].[localhost].[/] - Initializing Spring DispatcherServlet 'dispatcherServlet'
2021-02-23 11:43:43.490 [http-nio-4399-exec-1] INFO  org.springframework.web.servlet.DispatcherServlet - Initializing Servlet 'dispatcherServlet'
2021-02-23 11:43:43.491 [http-nio-4399-exec-1] INFO  org.springframework.web.servlet.DispatcherServlet - Completed initialization in 1 ms
2021-02-23 11:43:59.061 [main] INFO  com.lzxx.system.SystemApplication - Starting SystemApplication using Java 1.8.0_181 on DESKTOP-AUBNEG7 with PID 1744 (D:\space\java\sqfx-java\sqfx-system\target\classes started by 25012 in D:\space\java\sqfx-java)
2021-02-23 11:43:59.061 [main] INFO  com.lzxx.system.SystemApplication - The following profiles are active: dev
2021-02-23 11:43:59.905 [main] INFO  o.s.boot.web.embedded.tomcat.TomcatWebServer - Tomcat initialized with port(s): 4399 (http)
2021-02-23 11:43:59.905 [main] INFO  org.apache.coyote.http11.Http11NioProtocol - Initializing ProtocolHandler ["http-nio-4399"]
2021-02-23 11:43:59.905 [main] INFO  org.apache.catalina.core.StandardService - Starting service [Tomcat]
2021-02-23 11:43:59.905 [main] INFO  org.apache.catalina.core.StandardEngine - Starting Servlet engine: [Apache Tomcat/9.0.43]
2021-02-23 11:43:59.967 [main] INFO  o.a.c.core.ContainerBase.[Tomcat].[localhost].[/] - Initializing Spring embedded WebApplicationContext
2021-02-23 11:43:59.967 [main] INFO  o.s.b.w.s.c.ServletWebServerApplicationContext - Root WebApplicationContext: initialization completed in 859 ms
2021-02-23 11:43:59.998 [main] INFO  o.s.boot.web.servlet.RegistrationBean - Servlet statViewServlet was not registered (possibly already registered?)
2021-02-23 11:43:59.998 [main] INFO  o.s.boot.web.servlet.RegistrationBean - Filter webStatFilter was not registered (possibly already registered?)
2021-02-23 11:44:00.295 [main] INFO  s.d.s.w.PropertySourcedRequestMappingHandlerMapping - Mapped URL path [/v2/api-docs] onto method [springfox.documentation.swagger2.web.Swagger2Controller#getDocumentation(String, HttpServletRequest)]
2021-02-23 11:44:00.373 [main] INFO  o.s.scheduling.concurrent.ThreadPoolTaskExecutor - Initializing ExecutorService 'applicationTaskExecutor'
2021-02-23 11:44:00.717 [main] INFO  o.s.scheduling.concurrent.ThreadPoolTaskScheduler - Initializing ExecutorService 'taskScheduler'
2021-02-23 11:44:00.748 [main] INFO  org.apache.coyote.http11.Http11NioProtocol - Starting ProtocolHandler ["http-nio-4399"]
2021-02-23 11:44:00.764 [main] INFO  o.s.boot.web.embedded.tomcat.TomcatWebServer - Tomcat started on port(s): 4399 (http) with context path ''
2021-02-23 11:44:00.764 [main] INFO  s.d.s.web.plugins.DocumentationPluginsBootstrapper - Context refreshed
2021-02-23 11:44:00.764 [main] INFO  s.d.s.web.plugins.DocumentationPluginsBootstrapper - Found 1 custom documentation plugin(s)
2021-02-23 11:44:00.795 [main] INFO  s.d.spring.web.scanners.ApiListingReferenceScanner - Scanning for api listing references
2021-02-23 11:44:00.936 [main] INFO  com.lzxx.system.SystemApplication - Started SystemApplication in 2.224 seconds (JVM running for 3.218)
2021-02-23 11:44:04.073 [http-nio-4399-exec-1] INFO  o.a.c.core.ContainerBase.[Tomcat].[localhost].[/] - Initializing Spring DispatcherServlet 'dispatcherServlet'
2021-02-23 11:44:04.073 [http-nio-4399-exec-1] INFO  org.springframework.web.servlet.DispatcherServlet - Initializing Servlet 'dispatcherServlet'
2021-02-23 11:44:04.074 [http-nio-4399-exec-1] INFO  org.springframework.web.servlet.DispatcherServlet - Completed initialization in 1 ms
2021-02-23 11:46:01.327 [SpringContextShutdownHook] INFO  o.s.scheduling.concurrent.ThreadPoolTaskScheduler - Shutting down ExecutorService 'taskScheduler'
2021-02-23 11:46:01.327 [SpringContextShutdownHook] INFO  o.s.scheduling.concurrent.ThreadPoolTaskExecutor - Shutting down ExecutorService 'applicationTaskExecutor'
2021-02-23 11:46:04.924 [main] INFO  com.lzxx.system.SystemApplication - Starting SystemApplication using Java 1.8.0_181 on DESKTOP-AUBNEG7 with PID 7376 (D:\space\java\sqfx-java\sqfx-system\target\classes started by 25012 in D:\space\java\sqfx-java)
2021-02-23 11:46:04.926 [main] INFO  com.lzxx.system.SystemApplication - The following profiles are active: dev
2021-02-23 11:46:05.831 [main] INFO  o.s.boot.web.embedded.tomcat.TomcatWebServer - Tomcat initialized with port(s): 4399 (http)
2021-02-23 11:46:05.837 [main] INFO  org.apache.coyote.http11.Http11NioProtocol - Initializing ProtocolHandler ["http-nio-4399"]
2021-02-23 11:46:05.837 [main] INFO  org.apache.catalina.core.StandardService - Starting service [Tomcat]
2021-02-23 11:46:05.838 [main] INFO  org.apache.catalina.core.StandardEngine - Starting Servlet engine: [Apache Tomcat/9.0.43]
2021-02-23 11:46:05.895 [main] INFO  o.a.c.core.ContainerBase.[Tomcat].[localhost].[/] - Initializing Spring embedded WebApplicationContext
2021-02-23 11:46:05.895 [main] INFO  o.s.b.w.s.c.ServletWebServerApplicationContext - Root WebApplicationContext: initialization completed in 927 ms
2021-02-23 11:46:05.929 [main] INFO  o.s.boot.web.servlet.RegistrationBean - Servlet statViewServlet was not registered (possibly already registered?)
2021-02-23 11:46:05.932 [main] INFO  o.s.boot.web.servlet.RegistrationBean - Filter webStatFilter was not registered (possibly already registered?)
2021-02-23 11:46:06.214 [main] INFO  s.d.s.w.PropertySourcedRequestMappingHandlerMapping - Mapped URL path [/v2/api-docs] onto method [springfox.documentation.swagger2.web.Swagger2Controller#getDocumentation(String, HttpServletRequest)]
2021-02-23 11:46:06.331 [main] INFO  o.s.scheduling.concurrent.ThreadPoolTaskExecutor - Initializing ExecutorService 'applicationTaskExecutor'
2021-02-23 11:46:06.707 [main] INFO  o.s.scheduling.concurrent.ThreadPoolTaskScheduler - Initializing ExecutorService 'taskScheduler'
2021-02-23 11:46:06.732 [main] INFO  org.apache.coyote.http11.Http11NioProtocol - Starting ProtocolHandler ["http-nio-4399"]
2021-02-23 11:46:06.745 [main] INFO  o.s.boot.web.embedded.tomcat.TomcatWebServer - Tomcat started on port(s): 4399 (http) with context path ''
2021-02-23 11:46:06.746 [main] INFO  s.d.s.web.plugins.DocumentationPluginsBootstrapper - Context refreshed
2021-02-23 11:46:06.757 [main] INFO  s.d.s.web.plugins.DocumentationPluginsBootstrapper - Found 1 custom documentation plugin(s)
2021-02-23 11:46:06.779 [main] INFO  s.d.spring.web.scanners.ApiListingReferenceScanner - Scanning for api listing references
2021-02-23 11:46:06.919 [main] INFO  com.lzxx.system.SystemApplication - Started SystemApplication in 2.437 seconds (JVM running for 3.042)
2021-02-23 11:46:11.900 [http-nio-4399-exec-1] INFO  o.a.c.core.ContainerBase.[Tomcat].[localhost].[/] - Initializing Spring DispatcherServlet 'dispatcherServlet'
2021-02-23 11:46:11.900 [http-nio-4399-exec-1] INFO  org.springframework.web.servlet.DispatcherServlet - Initializing Servlet 'dispatcherServlet'
2021-02-23 11:46:11.901 [http-nio-4399-exec-1] INFO  org.springframework.web.servlet.DispatcherServlet - Completed initialization in 1 ms
2021-02-23 11:47:22.239 [SpringContextShutdownHook] INFO  o.s.scheduling.concurrent.ThreadPoolTaskScheduler - Shutting down ExecutorService 'taskScheduler'
2021-02-23 11:47:22.239 [SpringContextShutdownHook] INFO  o.s.scheduling.concurrent.ThreadPoolTaskExecutor - Shutting down ExecutorService 'applicationTaskExecutor'
2021-02-23 11:47:25.736 [main] INFO  com.lzxx.system.SystemApplication - Starting SystemApplication using Java 1.8.0_181 on DESKTOP-AUBNEG7 with PID 4936 (D:\space\java\sqfx-java\sqfx-system\target\classes started by 25012 in D:\space\java\sqfx-java)
2021-02-23 11:47:25.752 [main] INFO  com.lzxx.system.SystemApplication - The following profiles are active: dev
2021-02-23 11:47:26.580 [main] INFO  o.s.boot.web.embedded.tomcat.TomcatWebServer - Tomcat initialized with port(s): 4399 (http)
2021-02-23 11:47:26.595 [main] INFO  org.apache.coyote.http11.Http11NioProtocol - Initializing ProtocolHandler ["http-nio-4399"]
2021-02-23 11:47:26.595 [main] INFO  org.apache.catalina.core.StandardService - Starting service [Tomcat]
2021-02-23 11:47:26.595 [main] INFO  org.apache.catalina.core.StandardEngine - Starting Servlet engine: [Apache Tomcat/9.0.43]
2021-02-23 11:47:26.658 [main] INFO  o.a.c.core.ContainerBase.[Tomcat].[localhost].[/] - Initializing Spring embedded WebApplicationContext
2021-02-23 11:47:26.658 [main] INFO  o.s.b.w.s.c.ServletWebServerApplicationContext - Root WebApplicationContext: initialization completed in 875 ms
2021-02-23 11:47:26.689 [main] INFO  o.s.boot.web.servlet.RegistrationBean - Servlet statViewServlet was not registered (possibly already registered?)
2021-02-23 11:47:26.689 [main] INFO  o.s.boot.web.servlet.RegistrationBean - Filter webStatFilter was not registered (possibly already registered?)
2021-02-23 11:47:26.955 [main] INFO  s.d.s.w.PropertySourcedRequestMappingHandlerMapping - Mapped URL path [/v2/api-docs] onto method [springfox.documentation.swagger2.web.Swagger2Controller#getDocumentation(String, HttpServletRequest)]
2021-02-23 11:47:27.048 [main] INFO  o.s.scheduling.concurrent.ThreadPoolTaskExecutor - Initializing ExecutorService 'applicationTaskExecutor'
2021-02-23 11:47:27.408 [main] INFO  o.s.scheduling.concurrent.ThreadPoolTaskScheduler - Initializing ExecutorService 'taskScheduler'
2021-02-23 11:47:27.423 [main] INFO  org.apache.coyote.http11.Http11NioProtocol - Starting ProtocolHandler ["http-nio-4399"]
2021-02-23 11:47:27.439 [main] INFO  o.s.boot.web.embedded.tomcat.TomcatWebServer - Tomcat started on port(s): 4399 (http) with context path ''
2021-02-23 11:47:27.439 [main] INFO  s.d.s.web.plugins.DocumentationPluginsBootstrapper - Context refreshed
2021-02-23 11:47:27.454 [main] INFO  s.d.s.web.plugins.DocumentationPluginsBootstrapper - Found 1 custom documentation plugin(s)
2021-02-23 11:47:27.470 [main] INFO  s.d.spring.web.scanners.ApiListingReferenceScanner - Scanning for api listing references
2021-02-23 11:47:27.611 [main] INFO  com.lzxx.system.SystemApplication - Started SystemApplication in 2.284 seconds (JVM running for 2.849)
2021-02-23 11:48:23.581 [SpringContextShutdownHook] INFO  o.s.scheduling.concurrent.ThreadPoolTaskScheduler - Shutting down ExecutorService 'taskScheduler'
2021-02-23 11:48:23.581 [SpringContextShutdownHook] INFO  o.s.scheduling.concurrent.ThreadPoolTaskExecutor - Shutting down ExecutorService 'applicationTaskExecutor'
2021-02-23 11:48:26.970 [main] INFO  com.lzxx.system.SystemApplication - Starting SystemApplication using Java 1.8.0_181 on DESKTOP-AUBNEG7 with PID 4852 (D:\space\java\sqfx-java\sqfx-system\target\classes started by 25012 in D:\space\java\sqfx-java)
2021-02-23 11:48:26.970 [main] INFO  com.lzxx.system.SystemApplication - The following profiles are active: dev
2021-02-23 11:48:27.813 [main] INFO  o.s.boot.web.embedded.tomcat.TomcatWebServer - Tomcat initialized with port(s): 4399 (http)
2021-02-23 11:48:27.813 [main] INFO  org.apache.coyote.http11.Http11NioProtocol - Initializing ProtocolHandler ["http-nio-4399"]
2021-02-23 11:48:27.813 [main] INFO  org.apache.catalina.core.StandardService - Starting service [Tomcat]
2021-02-23 11:48:27.813 [main] INFO  org.apache.catalina.core.StandardEngine - Starting Servlet engine: [Apache Tomcat/9.0.43]
2021-02-23 11:48:27.876 [main] INFO  o.a.c.core.ContainerBase.[Tomcat].[localhost].[/] - Initializing Spring embedded WebApplicationContext
2021-02-23 11:48:27.876 [main] INFO  o.s.b.w.s.c.ServletWebServerApplicationContext - Root WebApplicationContext: initialization completed in 859 ms
2021-02-23 11:48:27.907 [main] INFO  o.s.boot.web.servlet.RegistrationBean - Servlet statViewServlet was not registered (possibly already registered?)
2021-02-23 11:48:27.907 [main] INFO  o.s.boot.web.servlet.RegistrationBean - Filter webStatFilter was not registered (possibly already registered?)
2021-02-23 11:48:28.173 [main] INFO  s.d.s.w.PropertySourcedRequestMappingHandlerMapping - Mapped URL path [/v2/api-docs] onto method [springfox.documentation.swagger2.web.Swagger2Controller#getDocumentation(String, HttpServletRequest)]
2021-02-23 11:48:28.266 [main] INFO  o.s.scheduling.concurrent.ThreadPoolTaskExecutor - Initializing ExecutorService 'applicationTaskExecutor'
2021-02-23 11:48:28.610 [main] INFO  o.s.scheduling.concurrent.ThreadPoolTaskScheduler - Initializing ExecutorService 'taskScheduler'
2021-02-23 11:48:28.626 [main] INFO  org.apache.coyote.http11.Http11NioProtocol - Starting ProtocolHandler ["http-nio-4399"]
2021-02-23 11:48:28.641 [main] INFO  o.s.boot.web.embedded.tomcat.TomcatWebServer - Tomcat started on port(s): 4399 (http) with context path ''
2021-02-23 11:48:28.641 [main] INFO  s.d.s.web.plugins.DocumentationPluginsBootstrapper - Context refreshed
2021-02-23 11:48:28.657 [main] INFO  s.d.s.web.plugins.DocumentationPluginsBootstrapper - Found 1 custom documentation plugin(s)
2021-02-23 11:48:28.672 [main] INFO  s.d.spring.web.scanners.ApiListingReferenceScanner - Scanning for api listing references
2021-02-23 11:48:28.813 [main] INFO  com.lzxx.system.SystemApplication - Started SystemApplication in 2.253 seconds (JVM running for 2.799)
2021-02-23 11:48:32.220 [http-nio-4399-exec-1] INFO  o.a.c.core.ContainerBase.[Tomcat].[localhost].[/] - Initializing Spring DispatcherServlet 'dispatcherServlet'
2021-02-23 11:48:32.220 [http-nio-4399-exec-1] INFO  org.springframework.web.servlet.DispatcherServlet - Initializing Servlet 'dispatcherServlet'
2021-02-23 11:48:32.221 [http-nio-4399-exec-1] INFO  org.springframework.web.servlet.DispatcherServlet - Completed initialization in 1 ms
2021-02-23 13:11:35.347 [SpringContextShutdownHook] INFO  o.s.scheduling.concurrent.ThreadPoolTaskScheduler - Shutting down ExecutorService 'taskScheduler'
2021-02-23 13:11:35.347 [SpringContextShutdownHook] INFO  o.s.scheduling.concurrent.ThreadPoolTaskExecutor - Shutting down ExecutorService 'applicationTaskExecutor'
2021-02-23 13:11:38.983 [main] INFO  com.lzxx.system.SystemApplication - Starting SystemApplication using Java 1.8.0_181 on DESKTOP-AUBNEG7 with PID 9688 (D:\space\java\sqfx-java\sqfx-system\target\classes started by 25012 in D:\space\java\sqfx-java)
2021-02-23 13:11:38.983 [main] INFO  com.lzxx.system.SystemApplication - The following profiles are active: dev
2021-02-23 13:11:39.733 [main] INFO  o.s.boot.web.embedded.tomcat.TomcatWebServer - Tomcat initialized with port(s): 4399 (http)
2021-02-23 13:11:39.749 [main] INFO  org.apache.coyote.http11.Http11NioProtocol - Initializing ProtocolHandler ["http-nio-4399"]
2021-02-23 13:11:39.749 [main] INFO  org.apache.catalina.core.StandardService - Starting service [Tomcat]
2021-02-23 13:11:39.749 [main] INFO  org.apache.catalina.core.StandardEngine - Starting Servlet engine: [Apache Tomcat/9.0.43]
2021-02-23 13:11:39.796 [main] INFO  o.a.c.core.ContainerBase.[Tomcat].[localhost].[/] - Initializing Spring embedded WebApplicationContext
2021-02-23 13:11:39.796 [main] INFO  o.s.b.w.s.c.ServletWebServerApplicationContext - Root WebApplicationContext: initialization completed in 781 ms
2021-02-23 13:11:39.827 [main] INFO  o.s.boot.web.servlet.RegistrationBean - Servlet statViewServlet was not registered (possibly already registered?)
2021-02-23 13:11:39.827 [main] INFO  o.s.boot.web.servlet.RegistrationBean - Filter webStatFilter was not registered (possibly already registered?)
2021-02-23 13:11:40.061 [main] INFO  s.d.s.w.PropertySourcedRequestMappingHandlerMapping - Mapped URL path [/v2/api-docs] onto method [springfox.documentation.swagger2.web.Swagger2Controller#getDocumentation(String, HttpServletRequest)]
2021-02-23 13:11:40.108 [main] INFO  o.s.scheduling.concurrent.ThreadPoolTaskExecutor - Initializing ExecutorService 'applicationTaskExecutor'
2021-02-23 13:11:40.468 [main] INFO  o.s.scheduling.concurrent.ThreadPoolTaskScheduler - Initializing ExecutorService 'taskScheduler'
2021-02-23 13:11:40.483 [main] INFO  org.apache.coyote.http11.Http11NioProtocol - Starting ProtocolHandler ["http-nio-4399"]
2021-02-23 13:11:40.499 [main] INFO  o.s.boot.web.embedded.tomcat.TomcatWebServer - Tomcat started on port(s): 4399 (http) with context path ''
2021-02-23 13:11:40.499 [main] INFO  s.d.s.web.plugins.DocumentationPluginsBootstrapper - Context refreshed
2021-02-23 13:11:40.499 [main] INFO  s.d.s.web.plugins.DocumentationPluginsBootstrapper - Found 1 custom documentation plugin(s)
2021-02-23 13:11:40.514 [main] INFO  s.d.spring.web.scanners.ApiListingReferenceScanner - Scanning for api listing references
2021-02-23 13:11:40.639 [main] INFO  com.lzxx.system.SystemApplication - Started SystemApplication in 1.993 seconds (JVM running for 2.451)
2021-02-23 13:15:38.073 [http-nio-4399-exec-1] INFO  o.a.c.core.ContainerBase.[Tomcat].[localhost].[/] - Initializing Spring DispatcherServlet 'dispatcherServlet'
2021-02-23 13:15:38.073 [http-nio-4399-exec-1] INFO  org.springframework.web.servlet.DispatcherServlet - Initializing Servlet 'dispatcherServlet'
2021-02-23 13:15:38.074 [http-nio-4399-exec-1] INFO  org.springframework.web.servlet.DispatcherServlet - Completed initialization in 1 ms
2021-02-23 14:41:41.429 [main] INFO  com.lzxx.system.SystemApplication - Starting SystemApplication using Java 1.8.0_181 on DESKTOP-AUBNEG7 with PID 2876 (D:\space\java\sqfx-java\sqfx-system\target\classes started by 25012 in D:\space\java\sqfx-java)
2021-02-23 14:41:41.429 [main] INFO  com.lzxx.system.SystemApplication - The following profiles are active: dev
2021-02-23 14:41:42.179 [main] INFO  o.s.boot.web.embedded.tomcat.TomcatWebServer - Tomcat initialized with port(s): 4399 (http)
2021-02-23 14:41:42.190 [main] INFO  org.apache.coyote.http11.Http11NioProtocol - Initializing ProtocolHandler ["http-nio-4399"]
2021-02-23 14:41:42.190 [main] INFO  org.apache.catalina.core.StandardService - Starting service [Tomcat]
2021-02-23 14:41:42.190 [main] INFO  org.apache.catalina.core.StandardEngine - Starting Servlet engine: [Apache Tomcat/9.0.43]
2021-02-23 14:41:42.240 [main] INFO  o.a.c.core.ContainerBase.[Tomcat].[localhost].[/] - Initializing Spring embedded WebApplicationContext
2021-02-23 14:41:42.240 [main] INFO  o.s.b.w.s.c.ServletWebServerApplicationContext - Root WebApplicationContext: initialization completed in 781 ms
2021-02-23 14:41:42.274 [main] INFO  o.s.boot.web.servlet.RegistrationBean - Servlet statViewServlet was not registered (possibly already registered?)
2021-02-23 14:41:42.279 [main] INFO  o.s.boot.web.servlet.RegistrationBean - Filter webStatFilter was not registered (possibly already registered?)
2021-02-23 14:41:42.514 [main] INFO  s.d.s.w.PropertySourcedRequestMappingHandlerMapping - Mapped URL path [/v2/api-docs] onto method [springfox.documentation.swagger2.web.Swagger2Controller#getDocumentation(String, HttpServletRequest)]
2021-02-23 14:41:42.561 [main] INFO  o.s.scheduling.concurrent.ThreadPoolTaskExecutor - Initializing ExecutorService 'applicationTaskExecutor'
2021-02-23 14:41:42.914 [main] INFO  o.s.scheduling.concurrent.ThreadPoolTaskScheduler - Initializing ExecutorService 'taskScheduler'
2021-02-23 14:41:42.939 [main] INFO  org.apache.coyote.http11.Http11NioProtocol - Starting ProtocolHandler ["http-nio-4399"]
2021-02-23 14:41:42.950 [main] INFO  o.s.boot.web.embedded.tomcat.TomcatWebServer - Tomcat started on port(s): 4399 (http) with context path ''
2021-02-23 14:41:42.950 [main] INFO  s.d.s.web.plugins.DocumentationPluginsBootstrapper - Context refreshed
2021-02-23 14:41:42.960 [main] INFO  s.d.s.web.plugins.DocumentationPluginsBootstrapper - Found 1 custom documentation plugin(s)
2021-02-23 14:41:42.974 [main] INFO  s.d.spring.web.scanners.ApiListingReferenceScanner - Scanning for api listing references
2021-02-23 14:41:43.094 [main] INFO  com.lzxx.system.SystemApplication - Started SystemApplication in 2.014 seconds (JVM running for 2.48)
