2021-03-01 09:48:36.018 [main] WARN  org.mybatis.spring.mapper.ClassPathMapperScanner - Skipping MapperFactoryBean with name 'certificateMapper' and 'com.lzxx.system.mapper.CertificateMapper' mapperInterface. Bean already defined with the same name!
2021-03-01 09:48:36.019 [main] WARN  org.mybatis.spring.mapper.ClassPathMapperScanner - Skipping MapperFactoryBean with name 'communityMapper' and 'com.lzxx.system.mapper.CommunityMapper' mapperInterface. Bean already defined with the same name!
2021-03-01 09:48:36.019 [main] WARN  org.mybatis.spring.mapper.ClassPathMapperScanner - Skipping MapperFactoryBean with name 'houseMapper' and 'com.lzxx.system.mapper.HouseMapper' mapperInterface. Bean already defined with the same name!
2021-03-01 09:48:36.019 [main] WARN  org.mybatis.spring.mapper.ClassPathMapperScanner - Skipping MapperFactoryBean with name 'identityMapper' and 'com.lzxx.system.mapper.IdentityMapper' mapperInterface. Bean already defined with the same name!
2021-03-01 09:48:36.019 [main] WARN  org.mybatis.spring.mapper.ClassPathMapperScanner - Skipping MapperFactoryBean with name 'userMapper' and 'com.lzxx.system.mapper.UserMapper' mapperInterface. Bean already defined with the same name!
2021-03-01 09:48:36.019 [main] WARN  org.mybatis.spring.mapper.ClassPathMapperScanner - Skipping MapperFactoryBean with name 'userTypeMapper' and 'com.lzxx.system.mapper.UserTypeMapper' mapperInterface. Bean already defined with the same name!
2021-03-01 09:48:36.019 [main] WARN  org.mybatis.spring.mapper.ClassPathMapperScanner - No MyBatis mapper was found in '[com.lzxx.**.mapper]' package. Please check your configuration.
2021-03-01 11:34:59.091 [main] WARN  org.mybatis.spring.mapper.ClassPathMapperScanner - Skipping MapperFactoryBean with name 'certificateMapper' and 'com.lzxx.system.mapper.CertificateMapper' mapperInterface. Bean already defined with the same name!
2021-03-01 11:34:59.091 [main] WARN  org.mybatis.spring.mapper.ClassPathMapperScanner - Skipping MapperFactoryBean with name 'communityMapper' and 'com.lzxx.system.mapper.CommunityMapper' mapperInterface. Bean already defined with the same name!
2021-03-01 11:34:59.091 [main] WARN  org.mybatis.spring.mapper.ClassPathMapperScanner - Skipping MapperFactoryBean with name 'houseMapper' and 'com.lzxx.system.mapper.HouseMapper' mapperInterface. Bean already defined with the same name!
2021-03-01 11:34:59.091 [main] WARN  org.mybatis.spring.mapper.ClassPathMapperScanner - Skipping MapperFactoryBean with name 'identityMapper' and 'com.lzxx.system.mapper.IdentityMapper' mapperInterface. Bean already defined with the same name!
2021-03-01 11:34:59.094 [main] WARN  org.mybatis.spring.mapper.ClassPathMapperScanner - Skipping MapperFactoryBean with name 'userMapper' and 'com.lzxx.system.mapper.UserMapper' mapperInterface. Bean already defined with the same name!
2021-03-01 11:34:59.094 [main] WARN  org.mybatis.spring.mapper.ClassPathMapperScanner - Skipping MapperFactoryBean with name 'userTypeMapper' and 'com.lzxx.system.mapper.UserTypeMapper' mapperInterface. Bean already defined with the same name!
2021-03-01 11:34:59.094 [main] WARN  org.mybatis.spring.mapper.ClassPathMapperScanner - No MyBatis mapper was found in '[com.lzxx.**.mapper]' package. Please check your configuration.
2021-03-01 13:39:26.552 [main] WARN  org.mybatis.spring.mapper.ClassPathMapperScanner - Skipping MapperFactoryBean with name 'certificateMapper' and 'com.lzxx.system.mapper.CertificateMapper' mapperInterface. Bean already defined with the same name!
2021-03-01 13:39:26.552 [main] WARN  org.mybatis.spring.mapper.ClassPathMapperScanner - Skipping MapperFactoryBean with name 'communityMapper' and 'com.lzxx.system.mapper.CommunityMapper' mapperInterface. Bean already defined with the same name!
2021-03-01 13:39:26.553 [main] WARN  org.mybatis.spring.mapper.ClassPathMapperScanner - Skipping MapperFactoryBean with name 'houseMapper' and 'com.lzxx.system.mapper.HouseMapper' mapperInterface. Bean already defined with the same name!
2021-03-01 13:39:26.553 [main] WARN  org.mybatis.spring.mapper.ClassPathMapperScanner - Skipping MapperFactoryBean with name 'identityMapper' and 'com.lzxx.system.mapper.IdentityMapper' mapperInterface. Bean already defined with the same name!
2021-03-01 13:39:26.553 [main] WARN  org.mybatis.spring.mapper.ClassPathMapperScanner - Skipping MapperFactoryBean with name 'userMapper' and 'com.lzxx.system.mapper.UserMapper' mapperInterface. Bean already defined with the same name!
2021-03-01 13:39:26.553 [main] WARN  org.mybatis.spring.mapper.ClassPathMapperScanner - Skipping MapperFactoryBean with name 'userTypeMapper' and 'com.lzxx.system.mapper.UserTypeMapper' mapperInterface. Bean already defined with the same name!
2021-03-01 13:39:26.553 [main] WARN  org.mybatis.spring.mapper.ClassPathMapperScanner - No MyBatis mapper was found in '[com.lzxx.**.mapper]' package. Please check your configuration.
2021-03-01 14:16:09.444 [main] WARN  org.mybatis.spring.mapper.ClassPathMapperScanner - Skipping MapperFactoryBean with name 'certificateMapper' and 'com.lzxx.system.mapper.CertificateMapper' mapperInterface. Bean already defined with the same name!
2021-03-01 14:16:09.444 [main] WARN  org.mybatis.spring.mapper.ClassPathMapperScanner - Skipping MapperFactoryBean with name 'communityMapper' and 'com.lzxx.system.mapper.CommunityMapper' mapperInterface. Bean already defined with the same name!
2021-03-01 14:16:09.444 [main] WARN  org.mybatis.spring.mapper.ClassPathMapperScanner - Skipping MapperFactoryBean with name 'houseMapper' and 'com.lzxx.system.mapper.HouseMapper' mapperInterface. Bean already defined with the same name!
2021-03-01 14:16:09.444 [main] WARN  org.mybatis.spring.mapper.ClassPathMapperScanner - Skipping MapperFactoryBean with name 'identityMapper' and 'com.lzxx.system.mapper.IdentityMapper' mapperInterface. Bean already defined with the same name!
2021-03-01 14:16:09.444 [main] WARN  org.mybatis.spring.mapper.ClassPathMapperScanner - Skipping MapperFactoryBean with name 'userMapper' and 'com.lzxx.system.mapper.UserMapper' mapperInterface. Bean already defined with the same name!
2021-03-01 14:16:09.444 [main] WARN  org.mybatis.spring.mapper.ClassPathMapperScanner - Skipping MapperFactoryBean with name 'userTypeMapper' and 'com.lzxx.system.mapper.UserTypeMapper' mapperInterface. Bean already defined with the same name!
2021-03-01 14:16:09.444 [main] WARN  org.mybatis.spring.mapper.ClassPathMapperScanner - No MyBatis mapper was found in '[com.lzxx.**.mapper]' package. Please check your configuration.
2021-03-01 14:19:17.757 [main] WARN  org.mybatis.spring.mapper.ClassPathMapperScanner - Skipping MapperFactoryBean with name 'certificateMapper' and 'com.lzxx.system.mapper.CertificateMapper' mapperInterface. Bean already defined with the same name!
2021-03-01 14:19:17.757 [main] WARN  org.mybatis.spring.mapper.ClassPathMapperScanner - Skipping MapperFactoryBean with name 'communityMapper' and 'com.lzxx.system.mapper.CommunityMapper' mapperInterface. Bean already defined with the same name!
2021-03-01 14:19:17.757 [main] WARN  org.mybatis.spring.mapper.ClassPathMapperScanner - Skipping MapperFactoryBean with name 'houseMapper' and 'com.lzxx.system.mapper.HouseMapper' mapperInterface. Bean already defined with the same name!
2021-03-01 14:19:17.757 [main] WARN  org.mybatis.spring.mapper.ClassPathMapperScanner - Skipping MapperFactoryBean with name 'identityMapper' and 'com.lzxx.system.mapper.IdentityMapper' mapperInterface. Bean already defined with the same name!
2021-03-01 14:19:17.757 [main] WARN  org.mybatis.spring.mapper.ClassPathMapperScanner - Skipping MapperFactoryBean with name 'userMapper' and 'com.lzxx.system.mapper.UserMapper' mapperInterface. Bean already defined with the same name!
2021-03-01 14:19:17.757 [main] WARN  org.mybatis.spring.mapper.ClassPathMapperScanner - Skipping MapperFactoryBean with name 'userTypeMapper' and 'com.lzxx.system.mapper.UserTypeMapper' mapperInterface. Bean already defined with the same name!
2021-03-01 14:19:17.757 [main] WARN  org.mybatis.spring.mapper.ClassPathMapperScanner - No MyBatis mapper was found in '[com.lzxx.**.mapper]' package. Please check your configuration.
2021-03-01 14:20:22.178 [main] WARN  org.mybatis.spring.mapper.ClassPathMapperScanner - Skipping MapperFactoryBean with name 'certificateMapper' and 'com.lzxx.system.mapper.CertificateMapper' mapperInterface. Bean already defined with the same name!
2021-03-01 14:20:22.178 [main] WARN  org.mybatis.spring.mapper.ClassPathMapperScanner - Skipping MapperFactoryBean with name 'communityMapper' and 'com.lzxx.system.mapper.CommunityMapper' mapperInterface. Bean already defined with the same name!
2021-03-01 14:20:22.178 [main] WARN  org.mybatis.spring.mapper.ClassPathMapperScanner - Skipping MapperFactoryBean with name 'houseMapper' and 'com.lzxx.system.mapper.HouseMapper' mapperInterface. Bean already defined with the same name!
2021-03-01 14:20:22.178 [main] WARN  org.mybatis.spring.mapper.ClassPathMapperScanner - Skipping MapperFactoryBean with name 'identityMapper' and 'com.lzxx.system.mapper.IdentityMapper' mapperInterface. Bean already defined with the same name!
2021-03-01 14:20:22.178 [main] WARN  org.mybatis.spring.mapper.ClassPathMapperScanner - Skipping MapperFactoryBean with name 'userMapper' and 'com.lzxx.system.mapper.UserMapper' mapperInterface. Bean already defined with the same name!
2021-03-01 14:20:22.179 [main] WARN  org.mybatis.spring.mapper.ClassPathMapperScanner - Skipping MapperFactoryBean with name 'userTypeMapper' and 'com.lzxx.system.mapper.UserTypeMapper' mapperInterface. Bean already defined with the same name!
2021-03-01 14:20:22.179 [main] WARN  org.mybatis.spring.mapper.ClassPathMapperScanner - No MyBatis mapper was found in '[com.lzxx.**.mapper]' package. Please check your configuration.
2021-03-01 14:22:09.880 [main] WARN  org.mybatis.spring.mapper.ClassPathMapperScanner - Skipping MapperFactoryBean with name 'certificateMapper' and 'com.lzxx.system.mapper.CertificateMapper' mapperInterface. Bean already defined with the same name!
2021-03-01 14:22:09.880 [main] WARN  org.mybatis.spring.mapper.ClassPathMapperScanner - Skipping MapperFactoryBean with name 'communityMapper' and 'com.lzxx.system.mapper.CommunityMapper' mapperInterface. Bean already defined with the same name!
2021-03-01 14:22:09.880 [main] WARN  org.mybatis.spring.mapper.ClassPathMapperScanner - Skipping MapperFactoryBean with name 'houseMapper' and 'com.lzxx.system.mapper.HouseMapper' mapperInterface. Bean already defined with the same name!
2021-03-01 14:22:09.880 [main] WARN  org.mybatis.spring.mapper.ClassPathMapperScanner - Skipping MapperFactoryBean with name 'identityMapper' and 'com.lzxx.system.mapper.IdentityMapper' mapperInterface. Bean already defined with the same name!
2021-03-01 14:22:09.880 [main] WARN  org.mybatis.spring.mapper.ClassPathMapperScanner - Skipping MapperFactoryBean with name 'userMapper' and 'com.lzxx.system.mapper.UserMapper' mapperInterface. Bean already defined with the same name!
2021-03-01 14:22:09.880 [main] WARN  org.mybatis.spring.mapper.ClassPathMapperScanner - Skipping MapperFactoryBean with name 'userTypeMapper' and 'com.lzxx.system.mapper.UserTypeMapper' mapperInterface. Bean already defined with the same name!
2021-03-01 14:22:09.880 [main] WARN  org.mybatis.spring.mapper.ClassPathMapperScanner - No MyBatis mapper was found in '[com.lzxx.**.mapper]' package. Please check your configuration.
2021-03-01 14:30:13.302 [main] WARN  org.mybatis.spring.mapper.ClassPathMapperScanner - Skipping MapperFactoryBean with name 'certificateMapper' and 'com.lzxx.system.mapper.CertificateMapper' mapperInterface. Bean already defined with the same name!
2021-03-01 14:30:13.302 [main] WARN  org.mybatis.spring.mapper.ClassPathMapperScanner - Skipping MapperFactoryBean with name 'communityMapper' and 'com.lzxx.system.mapper.CommunityMapper' mapperInterface. Bean already defined with the same name!
2021-03-01 14:30:13.302 [main] WARN  org.mybatis.spring.mapper.ClassPathMapperScanner - Skipping MapperFactoryBean with name 'houseMapper' and 'com.lzxx.system.mapper.HouseMapper' mapperInterface. Bean already defined with the same name!
2021-03-01 14:30:13.302 [main] WARN  org.mybatis.spring.mapper.ClassPathMapperScanner - Skipping MapperFactoryBean with name 'identityMapper' and 'com.lzxx.system.mapper.IdentityMapper' mapperInterface. Bean already defined with the same name!
2021-03-01 14:30:13.302 [main] WARN  org.mybatis.spring.mapper.ClassPathMapperScanner - Skipping MapperFactoryBean with name 'userMapper' and 'com.lzxx.system.mapper.UserMapper' mapperInterface. Bean already defined with the same name!
2021-03-01 14:30:13.302 [main] WARN  org.mybatis.spring.mapper.ClassPathMapperScanner - Skipping MapperFactoryBean with name 'userTypeMapper' and 'com.lzxx.system.mapper.UserTypeMapper' mapperInterface. Bean already defined with the same name!
2021-03-01 14:30:13.302 [main] WARN  org.mybatis.spring.mapper.ClassPathMapperScanner - No MyBatis mapper was found in '[com.lzxx.**.mapper]' package. Please check your configuration.
