2021-03-01 09:48:35.327 [main] INFO  com.lzxx.system.SystemApplication - Starting SystemApplication using Java 1.8.0_181 on DESKTOP-AUBNEG7 with PID 13688 (D:\space\java\sqfx-java\sqfx-system\target\classes started by 25012 in D:\space\java\sqfx-java)
2021-03-01 09:48:35.331 [main] INFO  com.lzxx.system.SystemApplication - The following profiles are active: dev
2021-03-01 09:48:36.293 [main] INFO  o.s.boot.web.embedded.tomcat.TomcatWebServer - Tomcat initialized with port(s): 5000 (http)
2021-03-01 09:48:36.300 [main] INFO  org.apache.coyote.http11.Http11NioProtocol - Initializing ProtocolHandler ["http-nio-5000"]
2021-03-01 09:48:36.300 [main] INFO  org.apache.catalina.core.StandardService - Starting service [Tomcat]
2021-03-01 09:48:36.301 [main] INFO  org.apache.catalina.core.StandardEngine - Starting Servlet engine: [Apache Tomcat/9.0.43]
2021-03-01 09:48:36.368 [main] INFO  o.a.c.core.ContainerBase.[Tomcat].[localhost].[/] - Initializing Spring embedded WebApplicationContext
2021-03-01 09:48:36.368 [main] INFO  o.s.b.w.s.c.ServletWebServerApplicationContext - Root WebApplicationContext: initialization completed in 999 ms
2021-03-01 09:48:36.403 [main] INFO  o.s.boot.web.servlet.RegistrationBean - Servlet statViewServlet was not registered (possibly already registered?)
2021-03-01 09:48:36.405 [main] INFO  o.s.boot.web.servlet.RegistrationBean - Filter webStatFilter was not registered (possibly already registered?)
2021-03-01 09:48:37.266 [main] INFO  s.d.s.w.PropertySourcedRequestMappingHandlerMapping - Mapped URL path [/v2/api-docs] onto method [springfox.documentation.swagger2.web.Swagger2Controller#getDocumentation(String, HttpServletRequest)]
2021-03-01 09:48:37.326 [main] INFO  o.s.scheduling.concurrent.ThreadPoolTaskExecutor - Initializing ExecutorService 'applicationTaskExecutor'
2021-03-01 09:48:37.445 [main] INFO  o.s.scheduling.concurrent.ThreadPoolTaskScheduler - Initializing ExecutorService 'taskScheduler'
2021-03-01 09:48:37.473 [main] INFO  org.apache.coyote.http11.Http11NioProtocol - Starting ProtocolHandler ["http-nio-5000"]
2021-03-01 09:48:37.486 [main] INFO  o.s.boot.web.embedded.tomcat.TomcatWebServer - Tomcat started on port(s): 5000 (http) with context path ''
2021-03-01 09:48:37.487 [main] INFO  s.d.s.web.plugins.DocumentationPluginsBootstrapper - Context refreshed
2021-03-01 09:48:37.500 [main] INFO  s.d.s.web.plugins.DocumentationPluginsBootstrapper - Found 1 custom documentation plugin(s)
2021-03-01 09:48:37.519 [main] INFO  s.d.spring.web.scanners.ApiListingReferenceScanner - Scanning for api listing references
2021-03-01 09:48:37.655 [main] INFO  com.lzxx.system.SystemApplication - Started SystemApplication in 2.773 seconds (JVM running for 3.392)
2021-03-01 09:49:07.751 [http-nio-5000-exec-1] INFO  o.a.c.core.ContainerBase.[Tomcat].[localhost].[/] - Initializing Spring DispatcherServlet 'dispatcherServlet'
2021-03-01 09:49:07.751 [http-nio-5000-exec-1] INFO  org.springframework.web.servlet.DispatcherServlet - Initializing Servlet 'dispatcherServlet'
2021-03-01 09:49:07.752 [http-nio-5000-exec-1] INFO  org.springframework.web.servlet.DispatcherServlet - Completed initialization in 1 ms
2021-03-01 11:34:58.492 [main] INFO  com.lzxx.system.SystemApplication - Starting SystemApplication using Java 1.8.0_181 on DESKTOP-AUBNEG7 with PID 9988 (D:\space\java\sqfx-java\sqfx-system\target\classes started by 25012 in D:\space\java\sqfx-java)
2021-03-01 11:34:58.495 [main] INFO  com.lzxx.system.SystemApplication - The following profiles are active: dev
2021-03-01 11:34:59.324 [main] INFO  o.s.boot.web.embedded.tomcat.TomcatWebServer - Tomcat initialized with port(s): 5000 (http)
2021-03-01 11:34:59.330 [main] INFO  org.apache.coyote.http11.Http11NioProtocol - Initializing ProtocolHandler ["http-nio-5000"]
2021-03-01 11:34:59.330 [main] INFO  org.apache.catalina.core.StandardService - Starting service [Tomcat]
2021-03-01 11:34:59.330 [main] INFO  org.apache.catalina.core.StandardEngine - Starting Servlet engine: [Apache Tomcat/9.0.43]
2021-03-01 11:34:59.388 [main] INFO  o.a.c.core.ContainerBase.[Tomcat].[localhost].[/] - Initializing Spring embedded WebApplicationContext
2021-03-01 11:34:59.388 [main] INFO  o.s.b.w.s.c.ServletWebServerApplicationContext - Root WebApplicationContext: initialization completed in 857 ms
2021-03-01 11:34:59.422 [main] INFO  o.s.boot.web.servlet.RegistrationBean - Servlet statViewServlet was not registered (possibly already registered?)
2021-03-01 11:34:59.424 [main] INFO  o.s.boot.web.servlet.RegistrationBean - Filter webStatFilter was not registered (possibly already registered?)
2021-03-01 11:35:00.221 [main] INFO  s.d.s.w.PropertySourcedRequestMappingHandlerMapping - Mapped URL path [/v2/api-docs] onto method [springfox.documentation.swagger2.web.Swagger2Controller#getDocumentation(String, HttpServletRequest)]
2021-03-01 11:35:00.273 [main] INFO  o.s.scheduling.concurrent.ThreadPoolTaskExecutor - Initializing ExecutorService 'applicationTaskExecutor'
2021-03-01 11:35:00.373 [main] INFO  o.s.scheduling.concurrent.ThreadPoolTaskScheduler - Initializing ExecutorService 'taskScheduler'
2021-03-01 11:35:00.397 [main] INFO  org.apache.coyote.http11.Http11NioProtocol - Starting ProtocolHandler ["http-nio-5000"]
2021-03-01 11:35:00.405 [main] INFO  o.s.boot.web.embedded.tomcat.TomcatWebServer - Tomcat started on port(s): 5000 (http) with context path ''
2021-03-01 11:35:00.408 [main] INFO  s.d.s.web.plugins.DocumentationPluginsBootstrapper - Context refreshed
2021-03-01 11:35:00.417 [main] INFO  s.d.s.web.plugins.DocumentationPluginsBootstrapper - Found 1 custom documentation plugin(s)
2021-03-01 11:35:00.431 [main] INFO  s.d.spring.web.scanners.ApiListingReferenceScanner - Scanning for api listing references
2021-03-01 11:35:00.552 [main] INFO  com.lzxx.system.SystemApplication - Started SystemApplication in 2.444 seconds (JVM running for 2.927)
2021-03-01 13:39:25.946 [main] INFO  com.lzxx.system.SystemApplication - Starting SystemApplication using Java 1.8.0_181 on DESKTOP-AUBNEG7 with PID 14248 (D:\space\java\sqfx-java\sqfx-system\target\classes started by 25012 in D:\space\java\sqfx-java)
2021-03-01 13:39:25.948 [main] INFO  com.lzxx.system.SystemApplication - The following profiles are active: dev
2021-03-01 13:39:26.788 [main] INFO  o.s.boot.web.embedded.tomcat.TomcatWebServer - Tomcat initialized with port(s): 5000 (http)
2021-03-01 13:39:26.793 [main] INFO  org.apache.coyote.http11.Http11NioProtocol - Initializing ProtocolHandler ["http-nio-5000"]
2021-03-01 13:39:26.794 [main] INFO  org.apache.catalina.core.StandardService - Starting service [Tomcat]
2021-03-01 13:39:26.794 [main] INFO  org.apache.catalina.core.StandardEngine - Starting Servlet engine: [Apache Tomcat/9.0.43]
2021-03-01 13:39:26.849 [main] INFO  o.a.c.core.ContainerBase.[Tomcat].[localhost].[/] - Initializing Spring embedded WebApplicationContext
2021-03-01 13:39:26.849 [main] INFO  o.s.b.w.s.c.ServletWebServerApplicationContext - Root WebApplicationContext: initialization completed in 867 ms
2021-03-01 13:39:26.880 [main] INFO  o.s.boot.web.servlet.RegistrationBean - Servlet statViewServlet was not registered (possibly already registered?)
2021-03-01 13:39:26.882 [main] INFO  o.s.boot.web.servlet.RegistrationBean - Filter webStatFilter was not registered (possibly already registered?)
2021-03-01 13:39:27.621 [main] INFO  s.d.s.w.PropertySourcedRequestMappingHandlerMapping - Mapped URL path [/v2/api-docs] onto method [springfox.documentation.swagger2.web.Swagger2Controller#getDocumentation(String, HttpServletRequest)]
2021-03-01 13:39:27.672 [main] INFO  o.s.scheduling.concurrent.ThreadPoolTaskExecutor - Initializing ExecutorService 'applicationTaskExecutor'
2021-03-01 13:39:27.774 [main] INFO  o.s.scheduling.concurrent.ThreadPoolTaskScheduler - Initializing ExecutorService 'taskScheduler'
2021-03-01 13:39:27.799 [main] INFO  org.apache.coyote.http11.Http11NioProtocol - Starting ProtocolHandler ["http-nio-5000"]
2021-03-01 13:39:27.811 [main] INFO  o.s.boot.web.embedded.tomcat.TomcatWebServer - Tomcat started on port(s): 5000 (http) with context path ''
2021-03-01 13:39:27.811 [main] INFO  s.d.s.web.plugins.DocumentationPluginsBootstrapper - Context refreshed
2021-03-01 13:39:27.820 [main] INFO  s.d.s.web.plugins.DocumentationPluginsBootstrapper - Found 1 custom documentation plugin(s)
2021-03-01 13:39:27.835 [main] INFO  s.d.spring.web.scanners.ApiListingReferenceScanner - Scanning for api listing references
2021-03-01 13:39:27.959 [main] INFO  com.lzxx.system.SystemApplication - Started SystemApplication in 2.4 seconds (JVM running for 2.911)
